10-17-2025 15:20:05 - log: Load engine in /Applications/Cocos/Creator/3.8.7/CocosCreator.app/Contents/Resources/resources/3d/engine
10-17-2025 15:20:05 - log: Register native engine in /Applications/Cocos/Creator/3.8.7/CocosCreator.app/Contents/Resources/resources/3d/engine/native
10-17-2025 15:20:06 - log: Request namespace: device-list
10-17-2025 15:20:09 - log: [Scene] meshopt wasm decoder initialized
10-17-2025 15:20:09 - log: [Scene] [box2d]:box2d wasm lib loaded.
10-17-2025 15:20:09 - log: [Scene] [bullet]:bullet wasm lib loaded.
10-17-2025 15:20:09 - log: [Scene] [PHYSICS]: using builtin.
10-17-2025 15:20:09 - log: [Scene] Cocos Creator v3.8.7
10-17-2025 15:20:09 - error: [Scene] {hidden(::SceneExecutorImportExceptionHandler::)} TypeError: Object.defineProperty called on non-object
    at Function.defineProperty (<anonymous>)
    at Module.eval [as value] (/Applications/Cocos/Creator/3.8.7/CocosCreator.app/Contents/Resources/resources/3d/engine/bin/.cache/dev/editor/bundled/index.js:172015:18)
    at doDefine (/Applications/Cocos/Creator/3.8.7/CocosCreator.app/Contents/Resources/resources/3d/engine/bin/.cache/dev/editor/bundled/index.js:141072:8)
    at define (/Applications/Cocos/Creator/3.8.7/CocosCreator.app/Contents/Resources/resources/3d/engine/bin/.cache/dev/editor/bundled/index.js:141094:17)
    at Object.Class (/Applications/Cocos/Creator/3.8.7/CocosCreator.app/Contents/Resources/resources/3d/engine/bin/.cache/dev/editor/bundled/index.js:141194:17)
    at factory (file:///Users/mike/Documents/self/game-2d-demo/temp/programming/packer-driver/targets/editor/chunks/53/file:/Users/mike/Documents/self/game-2d-demo/assets/scripts/components/CameraFollow.js:8:5)
    at CjsLoader._load (file:///Users/mike/Documents/self/game-2d-demo/temp/programming/packer-driver/targets/editor/chunks/a0/cce:/internal/ml/cjs-loader.mjs:78:9)
    at CjsLoader._tryModuleLoad (file:///Users/mike/Documents/self/game-2d-demo/temp/programming/packer-driver/targets/editor/chunks/a0/cce:/internal/ml/cjs-loader.mjs:63:18)
    at CjsLoader._require (file:///Users/mike/Documents/self/game-2d-demo/temp/programming/packer-driver/targets/editor/chunks/a0/cce:/internal/ml/cjs-loader.mjs:42:14)
    at CjsLoader.require (file:///Users/mike/Documents/self/game-2d-demo/temp/programming/packer-driver/targets/editor/chunks/a0/cce:/internal/ml/cjs-loader.mjs:27:21)
    at Object.execute (file:///Users/mike/Documents/self/game-2d-demo/temp/programming/packer-driver/targets/editor/chunks/26/file:/Users/mike/Documents/self/game-2d-demo/assets/scripts/components/CameraFollow.mjs?cjs=&original=.js:7:8)
    at doExec (/Applications/Cocos/Creator/3.8.7/CocosCreator.app/Contents/Resources/app.asar/node_modules/@editor/lib-programming/static/executor/systemjs-bridge/out/index.js:517:30)
    at postOrderExec (/Applications/Cocos/Creator/3.8.7/CocosCreator.app/Contents/Resources/app.asar/node_modules/@editor/lib-programming/static/executor/systemjs-bridge/out/index.js:508:21)
    at /Applications/Cocos/Creator/3.8.7/CocosCreator.app/Contents/Resources/app.asar/node_modules/@editor/lib-programming/static/executor/systemjs-bridge/out/index.js:440:12
    at file:///Users/mike/Documents/self/game-2d-demo/temp/programming/packer-driver/targets/editor/chunks/6d/cce:/internal/x/prerequisite-imports:8:13
    at Object.execute (file:///Users/mike/Documents/self/game-2d-demo/temp/programming/packer-driver/targets/editor/chunks/6d/cce:/internal/x/prerequisite-imports:4:1)
    at Executor._importPrerequisiteModules (/Applications/Cocos/Creator/3.8.7/CocosCreator.app/Contents/Resources/app.asar/node_modules/@editor/lib-programming/src/executor/index.ts:358:13)
    at Executor.reload (/Applications/Cocos/Creator/3.8.7/CocosCreator.app/Contents/Resources/app.asar/node_modules/@editor/lib-programming/src/executor/index.ts:235:13)
    at /Applications/Cocos/Creator/3.8.7/CocosCreator.app/Contents/Resources/app.asar/builtin/scene/dist/script/3d/manager/scripts.ccc:1:1893
    at GlobalEnv.processQueue (/Applications/Cocos/Creator/3.8.7/CocosCreator.app/Contents/Resources/app.asar/builtin/scene/dist/script/3d/manager/scripts.ccc:1:2290)
    at GlobalEnv.record (/Applications/Cocos/Creator/3.8.7/CocosCreator.app/Contents/Resources/app.asar/builtin/scene/dist/script/3d/manager/scripts.ccc:1:2061)
    at ScriptManager.init (/Applications/Cocos/Creator/3.8.7/CocosCreator.app/Contents/Resources/app.asar/builtin/scene/dist/script/3d/manager/scripts.ccc:1:4024)Error: [Scene] {hidden(::SceneExecutorImportExceptionHandler::)} TypeError: Object.defineProperty called on non-object
    at define (/Applications/Cocos/Creator/3.8.7/CocosCreator.app/Contents/Resources/resources/3d/engine/bin/.cache/dev/editor/bundled/index.js:141094:17)
    at Object.Class (/Applications/Cocos/Creator/3.8.7/CocosCreator.app/Contents/Resources/resources/3d/engine/bin/.cache/dev/editor/bundled/index.js:141194:17)
    at factory (file:///Users/mike/Documents/self/game-2d-demo/temp/programming/packer-driver/targets/editor/chunks/53/file:/Users/mike/Documents/self/game-2d-demo/assets/scripts/components/CameraFollow.js:8:5)
    at CjsLoader._load (file:///Users/mike/Documents/self/game-2d-demo/temp/programming/packer-driver/targets/editor/chunks/a0/cce:/internal/ml/cjs-loader.mjs:78:9)
    at CjsLoader._tryModuleLoad (file:///Users/mike/Documents/self/game-2d-demo/temp/programming/packer-driver/targets/editor/chunks/a0/cce:/internal/ml/cjs-loader.mjs:63:18)
    at CjsLoader._require (file:///Users/mike/Documents/self/game-2d-demo/temp/programming/packer-driver/targets/editor/chunks/a0/cce:/internal/ml/cjs-loader.mjs:42:14)
    at CjsLoader.require (file:///Users/mike/Documents/self/game-2d-demo/temp/programming/packer-driver/targets/editor/chunks/a0/cce:/internal/ml/cjs-loader.mjs:27:21)
    at Object.execute (file:///Users/mike/Documents/self/game-2d-demo/temp/programming/packer-driver/targets/editor/chunks/26/file:/Users/mike/Documents/self/game-2d-demo/assets/scripts/components/CameraFollow.mjs?cjs=&original=.js:7:8)
    at doExec (/Applications/Cocos/Creator/3.8.7/CocosCreator.app/Contents/Resources/app.asar/node_modules/@editor/lib-programming/static/executor/systemjs-bridge/out/index.js:517:30)
    at postOrderExec (/Applications/Cocos/Creator/3.8.7/CocosCreator.app/Contents/Resources/app.asar/node_modules/@editor/lib-programming/static/executor/systemjs-bridge/out/index.js:508:21)
    at /Applications/Cocos/Creator/3.8.7/CocosCreator.app/Contents/Resources/app.asar/node_modules/@editor/lib-programming/static/executor/systemjs-bridge/out/index.js:440:12
    at file:///Users/mike/Documents/self/game-2d-demo/temp/programming/packer-driver/targets/editor/chunks/6d/cce:/internal/x/prerequisite-imports:8:13
    at Object.execute (file:///Users/mike/Documents/self/game-2d-demo/temp/programming/packer-driver/targets/editor/chunks/6d/cce:/internal/x/prerequisite-imports:4:1)
    at Executor._importPrerequisiteModules (/Applications/Cocos/Creator/3.8.7/CocosCreator.app/Contents/Resources/app.asar/node_modules/@editor/lib-programming/src/executor/index.ts:358:13)
    at Executor.reload (/Applications/Cocos/Creator/3.8.7/CocosCreator.app/Contents/Resources/app.asar/node_modules/@editor/lib-programming/src/executor/index.ts:235:13)
    at /Applications/Cocos/Creator/3.8.7/CocosCreator.app/Contents/Resources/app.asar/builtin/scene/dist/script/3d/manager/scripts.ccc:1:1893
    at GlobalEnv.processQueue (/Applications/Cocos/Creator/3.8.7/CocosCreator.app/Contents/Resources/app.asar/builtin/scene/dist/script/3d/manager/scripts.ccc:1:2290)
    at GlobalEnv.record (/Applications/Cocos/Creator/3.8.7/CocosCreator.app/Contents/Resources/app.asar/builtin/scene/dist/script/3d/manager/scripts.ccc:1:2061)
    at ScriptManager.init (/Applications/Cocos/Creator/3.8.7/CocosCreator.app/Contents/Resources/app.asar/builtin/scene/dist/script/3d/manager/scripts.ccc:1:4024)
    at Logger._logHandler (/Applications/Cocos/Creator/3.8.7/CocosCreator.app/Contents/Resources/app.asar/builtin/scene/dist/script/3d/manager/startup/log.ccc:1:487)
    at Logger.record (/Applications/Cocos/Creator/3.8.7/CocosCreator.app/Contents/Resources/app.asar/node_modules/@base/electron-logger/lib/renderer.ccc:1:458)
    at console.<anonymous> (/Applications/Cocos/Creator/3.8.7/CocosCreator.app/Contents/Resources/app.asar/node_modules/@base/electron-logger/lib/renderer.ccc:1:1414)
    at console.error (/Applications/Cocos/Creator/3.8.7/CocosCreator.app/Contents/Resources/app.asar/node_modules/@sentry/core/src/utils-hoist/instrument/console.ts:40:14)
    at ScriptManager._handleImportException (/Applications/Cocos/Creator/3.8.7/CocosCreator.app/Contents/Resources/app.asar/builtin/scene/dist/script/3d/manager/scripts.ccc:1:5678)
    at Executor.importExceptionHandler [as _importExceptionHandler] (/Applications/Cocos/Creator/3.8.7/CocosCreator.app/Contents/Resources/app.asar/builtin/scene/dist/script/3d/manager/scripts.ccc:1:3834)
    at Executor._onModuleLoaded (/Applications/Cocos/Creator/3.8.7/CocosCreator.app/Contents/Resources/app.asar/node_modules/@editor/lib-programming/src/executor/index.ts:401:22)
    at SystemJS.onload (/Applications/Cocos/Creator/3.8.7/CocosCreator.app/Contents/Resources/app.asar/node_modules/@editor/lib-programming/src/executor/index.ts:99:18)
    at triggerOnload (/Applications/Cocos/Creator/3.8.7/CocosCreator.app/Contents/Resources/app.asar/node_modules/@editor/lib-programming/static/executor/systemjs-bridge/out/index.js:270:10)
    at doExec (/Applications/Cocos/Creator/3.8.7/CocosCreator.app/Contents/Resources/app.asar/node_modules/@editor/lib-programming/static/executor/systemjs-bridge/out/index.js:538:7)
    at postOrderExec (/Applications/Cocos/Creator/3.8.7/CocosCreator.app/Contents/Resources/app.asar/node_modules/@editor/lib-programming/static/executor/systemjs-bridge/out/index.js:508:21)
    at /Applications/Cocos/Creator/3.8.7/CocosCreator.app/Contents/Resources/app.asar/node_modules/@editor/lib-programming/static/executor/systemjs-bridge/out/index.js:440:12
    at file:///Users/mike/Documents/self/game-2d-demo/temp/programming/packer-driver/targets/editor/chunks/6d/cce:/internal/x/prerequisite-imports:8:13
    at Object.execute (file:///Users/mike/Documents/self/game-2d-demo/temp/programming/packer-driver/targets/editor/chunks/6d/cce:/internal/x/prerequisite-imports:4:1)
    at Executor._importPrerequisiteModules (/Applications/Cocos/Creator/3.8.7/CocosCreator.app/Contents/Resources/app.asar/node_modules/@editor/lib-programming/src/executor/index.ts:358:13)
    at Executor.reload (/Applications/Cocos/Creator/3.8.7/CocosCreator.app/Contents/Resources/app.asar/node_modules/@editor/lib-programming/src/executor/index.ts:235:13)
    at /Applications/Cocos/Creator/3.8.7/CocosCreator.app/Contents/Resources/app.asar/builtin/scene/dist/script/3d/manager/scripts.ccc:1:1893
    at GlobalEnv.processQueue (/Applications/Cocos/Creator/3.8.7/CocosCreator.app/Contents/Resources/app.asar/builtin/scene/dist/script/3d/manager/scripts.ccc:1:2290)
    at GlobalEnv.record (/Applications/Cocos/Creator/3.8.7/CocosCreator.app/Contents/Resources/app.asar/builtin/scene/dist/script/3d/manager/scripts.ccc:1:2061)
    at ScriptManager.init (/Applications/Cocos/Creator/3.8.7/CocosCreator.app/Contents/Resources/app.asar/builtin/scene/dist/script/3d/manager/scripts.ccc:1:4024)
10-17-2025 15:20:09 - error: [Scene] {hidden(::SceneExecutorImportExceptionHandler::)} TypeError: Object.defineProperty called on non-object
    at Function.defineProperty (<anonymous>)
    at Module.eval [as value] (/Applications/Cocos/Creator/3.8.7/CocosCreator.app/Contents/Resources/resources/3d/engine/bin/.cache/dev/editor/bundled/index.js:172015:18)
    at doDefine (/Applications/Cocos/Creator/3.8.7/CocosCreator.app/Contents/Resources/resources/3d/engine/bin/.cache/dev/editor/bundled/index.js:141072:8)
    at define (/Applications/Cocos/Creator/3.8.7/CocosCreator.app/Contents/Resources/resources/3d/engine/bin/.cache/dev/editor/bundled/index.js:141094:17)
    at Object.Class (/Applications/Cocos/Creator/3.8.7/CocosCreator.app/Contents/Resources/resources/3d/engine/bin/.cache/dev/editor/bundled/index.js:141194:17)
    at factory (file:///Users/mike/Documents/self/game-2d-demo/temp/programming/packer-driver/targets/editor/chunks/c7/file:/Users/mike/Documents/self/game-2d-demo/assets/scripts/components/PlayerController.js:8:5)
    at CjsLoader._load (file:///Users/mike/Documents/self/game-2d-demo/temp/programming/packer-driver/targets/editor/chunks/a0/cce:/internal/ml/cjs-loader.mjs:78:9)
    at CjsLoader._tryModuleLoad (file:///Users/mike/Documents/self/game-2d-demo/temp/programming/packer-driver/targets/editor/chunks/a0/cce:/internal/ml/cjs-loader.mjs:63:18)
    at CjsLoader._require (file:///Users/mike/Documents/self/game-2d-demo/temp/programming/packer-driver/targets/editor/chunks/a0/cce:/internal/ml/cjs-loader.mjs:42:14)
    at CjsLoader.require (file:///Users/mike/Documents/self/game-2d-demo/temp/programming/packer-driver/targets/editor/chunks/a0/cce:/internal/ml/cjs-loader.mjs:27:21)
    at Object.execute (file:///Users/mike/Documents/self/game-2d-demo/temp/programming/packer-driver/targets/editor/chunks/a4/file:/Users/mike/Documents/self/game-2d-demo/assets/scripts/components/PlayerController.mjs?cjs=&original=.js:7:8)
    at doExec (/Applications/Cocos/Creator/3.8.7/CocosCreator.app/Contents/Resources/app.asar/node_modules/@editor/lib-programming/static/executor/systemjs-bridge/out/index.js:517:30)
    at postOrderExec (/Applications/Cocos/Creator/3.8.7/CocosCreator.app/Contents/Resources/app.asar/node_modules/@editor/lib-programming/static/executor/systemjs-bridge/out/index.js:508:21)
    at /Applications/Cocos/Creator/3.8.7/CocosCreator.app/Contents/Resources/app.asar/node_modules/@editor/lib-programming/static/executor/systemjs-bridge/out/index.js:440:12
    at file:///Users/mike/Documents/self/game-2d-demo/temp/programming/packer-driver/targets/editor/chunks/6d/cce:/internal/x/prerequisite-imports:8:13
    at Object.execute (file:///Users/mike/Documents/self/game-2d-demo/temp/programming/packer-driver/targets/editor/chunks/6d/cce:/internal/x/prerequisite-imports:4:1)
    at Executor._importPrerequisiteModules (/Applications/Cocos/Creator/3.8.7/CocosCreator.app/Contents/Resources/app.asar/node_modules/@editor/lib-programming/src/executor/index.ts:358:13)
    at Executor.reload (/Applications/Cocos/Creator/3.8.7/CocosCreator.app/Contents/Resources/app.asar/node_modules/@editor/lib-programming/src/executor/index.ts:235:13)
    at /Applications/Cocos/Creator/3.8.7/CocosCreator.app/Contents/Resources/app.asar/builtin/scene/dist/script/3d/manager/scripts.ccc:1:1893
    at GlobalEnv.processQueue (/Applications/Cocos/Creator/3.8.7/CocosCreator.app/Contents/Resources/app.asar/builtin/scene/dist/script/3d/manager/scripts.ccc:1:2290)
    at GlobalEnv.record (/Applications/Cocos/Creator/3.8.7/CocosCreator.app/Contents/Resources/app.asar/builtin/scene/dist/script/3d/manager/scripts.ccc:1:2061)
    at ScriptManager.init (/Applications/Cocos/Creator/3.8.7/CocosCreator.app/Contents/Resources/app.asar/builtin/scene/dist/script/3d/manager/scripts.ccc:1:4024)Error: [Scene] {hidden(::SceneExecutorImportExceptionHandler::)} TypeError: Object.defineProperty called on non-object
    at define (/Applications/Cocos/Creator/3.8.7/CocosCreator.app/Contents/Resources/resources/3d/engine/bin/.cache/dev/editor/bundled/index.js:141094:17)
    at Object.Class (/Applications/Cocos/Creator/3.8.7/CocosCreator.app/Contents/Resources/resources/3d/engine/bin/.cache/dev/editor/bundled/index.js:141194:17)
    at factory (file:///Users/mike/Documents/self/game-2d-demo/temp/programming/packer-driver/targets/editor/chunks/c7/file:/Users/mike/Documents/self/game-2d-demo/assets/scripts/components/PlayerController.js:8:5)
    at CjsLoader._load (file:///Users/mike/Documents/self/game-2d-demo/temp/programming/packer-driver/targets/editor/chunks/a0/cce:/internal/ml/cjs-loader.mjs:78:9)
    at CjsLoader._tryModuleLoad (file:///Users/mike/Documents/self/game-2d-demo/temp/programming/packer-driver/targets/editor/chunks/a0/cce:/internal/ml/cjs-loader.mjs:63:18)
    at CjsLoader._require (file:///Users/mike/Documents/self/game-2d-demo/temp/programming/packer-driver/targets/editor/chunks/a0/cce:/internal/ml/cjs-loader.mjs:42:14)
    at CjsLoader.require (file:///Users/mike/Documents/self/game-2d-demo/temp/programming/packer-driver/targets/editor/chunks/a0/cce:/internal/ml/cjs-loader.mjs:27:21)
    at Object.execute (file:///Users/mike/Documents/self/game-2d-demo/temp/programming/packer-driver/targets/editor/chunks/a4/file:/Users/mike/Documents/self/game-2d-demo/assets/scripts/components/PlayerController.mjs?cjs=&original=.js:7:8)
    at doExec (/Applications/Cocos/Creator/3.8.7/CocosCreator.app/Contents/Resources/app.asar/node_modules/@editor/lib-programming/static/executor/systemjs-bridge/out/index.js:517:30)
    at postOrderExec (/Applications/Cocos/Creator/3.8.7/CocosCreator.app/Contents/Resources/app.asar/node_modules/@editor/lib-programming/static/executor/systemjs-bridge/out/index.js:508:21)
    at /Applications/Cocos/Creator/3.8.7/CocosCreator.app/Contents/Resources/app.asar/node_modules/@editor/lib-programming/static/executor/systemjs-bridge/out/index.js:440:12
    at file:///Users/mike/Documents/self/game-2d-demo/temp/programming/packer-driver/targets/editor/chunks/6d/cce:/internal/x/prerequisite-imports:8:13
    at Object.execute (file:///Users/mike/Documents/self/game-2d-demo/temp/programming/packer-driver/targets/editor/chunks/6d/cce:/internal/x/prerequisite-imports:4:1)
    at Executor._importPrerequisiteModules (/Applications/Cocos/Creator/3.8.7/CocosCreator.app/Contents/Resources/app.asar/node_modules/@editor/lib-programming/src/executor/index.ts:358:13)
    at Executor.reload (/Applications/Cocos/Creator/3.8.7/CocosCreator.app/Contents/Resources/app.asar/node_modules/@editor/lib-programming/src/executor/index.ts:235:13)
    at /Applications/Cocos/Creator/3.8.7/CocosCreator.app/Contents/Resources/app.asar/builtin/scene/dist/script/3d/manager/scripts.ccc:1:1893
    at GlobalEnv.processQueue (/Applications/Cocos/Creator/3.8.7/CocosCreator.app/Contents/Resources/app.asar/builtin/scene/dist/script/3d/manager/scripts.ccc:1:2290)
    at GlobalEnv.record (/Applications/Cocos/Creator/3.8.7/CocosCreator.app/Contents/Resources/app.asar/builtin/scene/dist/script/3d/manager/scripts.ccc:1:2061)
    at ScriptManager.init (/Applications/Cocos/Creator/3.8.7/CocosCreator.app/Contents/Resources/app.asar/builtin/scene/dist/script/3d/manager/scripts.ccc:1:4024)
    at Logger._logHandler (/Applications/Cocos/Creator/3.8.7/CocosCreator.app/Contents/Resources/app.asar/builtin/scene/dist/script/3d/manager/startup/log.ccc:1:487)
    at Logger.record (/Applications/Cocos/Creator/3.8.7/CocosCreator.app/Contents/Resources/app.asar/node_modules/@base/electron-logger/lib/renderer.ccc:1:458)
    at console.<anonymous> (/Applications/Cocos/Creator/3.8.7/CocosCreator.app/Contents/Resources/app.asar/node_modules/@base/electron-logger/lib/renderer.ccc:1:1414)
    at console.error (/Applications/Cocos/Creator/3.8.7/CocosCreator.app/Contents/Resources/app.asar/node_modules/@sentry/core/src/utils-hoist/instrument/console.ts:40:14)
    at ScriptManager._handleImportException (/Applications/Cocos/Creator/3.8.7/CocosCreator.app/Contents/Resources/app.asar/builtin/scene/dist/script/3d/manager/scripts.ccc:1:5678)
    at Executor.importExceptionHandler [as _importExceptionHandler] (/Applications/Cocos/Creator/3.8.7/CocosCreator.app/Contents/Resources/app.asar/builtin/scene/dist/script/3d/manager/scripts.ccc:1:3834)
    at Executor._onModuleLoaded (/Applications/Cocos/Creator/3.8.7/CocosCreator.app/Contents/Resources/app.asar/node_modules/@editor/lib-programming/src/executor/index.ts:401:22)
    at SystemJS.onload (/Applications/Cocos/Creator/3.8.7/CocosCreator.app/Contents/Resources/app.asar/node_modules/@editor/lib-programming/src/executor/index.ts:99:18)
    at triggerOnload (/Applications/Cocos/Creator/3.8.7/CocosCreator.app/Contents/Resources/app.asar/node_modules/@editor/lib-programming/static/executor/systemjs-bridge/out/index.js:270:10)
    at doExec (/Applications/Cocos/Creator/3.8.7/CocosCreator.app/Contents/Resources/app.asar/node_modules/@editor/lib-programming/static/executor/systemjs-bridge/out/index.js:538:7)
    at postOrderExec (/Applications/Cocos/Creator/3.8.7/CocosCreator.app/Contents/Resources/app.asar/node_modules/@editor/lib-programming/static/executor/systemjs-bridge/out/index.js:508:21)
    at /Applications/Cocos/Creator/3.8.7/CocosCreator.app/Contents/Resources/app.asar/node_modules/@editor/lib-programming/static/executor/systemjs-bridge/out/index.js:440:12
    at file:///Users/mike/Documents/self/game-2d-demo/temp/programming/packer-driver/targets/editor/chunks/6d/cce:/internal/x/prerequisite-imports:8:13
    at Object.execute (file:///Users/mike/Documents/self/game-2d-demo/temp/programming/packer-driver/targets/editor/chunks/6d/cce:/internal/x/prerequisite-imports:4:1)
    at Executor._importPrerequisiteModules (/Applications/Cocos/Creator/3.8.7/CocosCreator.app/Contents/Resources/app.asar/node_modules/@editor/lib-programming/src/executor/index.ts:358:13)
    at Executor.reload (/Applications/Cocos/Creator/3.8.7/CocosCreator.app/Contents/Resources/app.asar/node_modules/@editor/lib-programming/src/executor/index.ts:235:13)
    at /Applications/Cocos/Creator/3.8.7/CocosCreator.app/Contents/Resources/app.asar/builtin/scene/dist/script/3d/manager/scripts.ccc:1:1893
    at GlobalEnv.processQueue (/Applications/Cocos/Creator/3.8.7/CocosCreator.app/Contents/Resources/app.asar/builtin/scene/dist/script/3d/manager/scripts.ccc:1:2290)
    at GlobalEnv.record (/Applications/Cocos/Creator/3.8.7/CocosCreator.app/Contents/Resources/app.asar/builtin/scene/dist/script/3d/manager/scripts.ccc:1:2061)
    at ScriptManager.init (/Applications/Cocos/Creator/3.8.7/CocosCreator.app/Contents/Resources/app.asar/builtin/scene/dist/script/3d/manager/scripts.ccc:1:4024)
10-17-2025 15:20:09 - warn: [Scene] You are explicitly specifying `undefined` type to cc property "rigidBody" of cc class "PlayerController".
Is this intended? If not, this may indicate a circular reference.
For example:

 
// foo.ts
import { _decorator } from 'cc';
import { Bar } from './bar';  // Given that './bar' also reference 'foo.ts'.
                              // When importing './bar', execution of './bar' is hung on to wait execution of 'foo.ts',
                              // the `Bar` imported here is `undefined` until './bar' finish its execution.
                              // It leads to that
@_decorator.ccclass           //  ↓
export class Foo {            //  ↓
    @_decorator.type(Bar)     //  → is equivalent to `@_decorator.type(undefined)`
    public bar: Bar;          // To eliminate this error, either:
                              // - Refactor your module structure(recommended), or
                              // - specify the type as cc class name: `@_decorator.type('Bar'/* or any name you specified for `Bar` */)`
}Error: [Scene] You are explicitly specifying `undefined` type to cc property "rigidBody" of cc class "PlayerController".
Is this intended? If not, this may indicate a circular reference.
For example:

 
// foo.ts
import { _decorator } from 'cc';
import { Bar } from './bar';  // Given that './bar' also reference 'foo.ts'.
@_decorator.ccclass           //  ↓
export class Foo {            //  ↓
    @_decorator.type(Bar)     //  → is equivalent to `@_decorator.type(undefined)`
    public bar: Bar;          // To eliminate this error, either:
                              // - Refactor your module structure(recommended), or
                              // - specify the type as cc class name: `@_decorator.type('Bar'/* or any name you specified for `Bar` */)`
}
    at Logger._logHandler (/Applications/Cocos/Creator/3.8.7/CocosCreator.app/Contents/Resources/app.asar/builtin/scene/dist/script/3d/manager/startup/log.ccc:1:487)
    at Logger.record (/Applications/Cocos/Creator/3.8.7/CocosCreator.app/Contents/Resources/app.asar/node_modules/@base/electron-logger/lib/renderer.ccc:1:458)
    at console.<anonymous> (/Applications/Cocos/Creator/3.8.7/CocosCreator.app/Contents/Resources/app.asar/node_modules/@base/electron-logger/lib/renderer.ccc:1:1260)
    at console.warn (/Applications/Cocos/Creator/3.8.7/CocosCreator.app/Contents/Resources/app.asar/node_modules/@sentry/core/src/utils-hoist/instrument/console.ts:40:14)
    at warn (/Applications/Cocos/Creator/3.8.7/CocosCreator.app/Contents/Resources/resources/3d/engine/bin/.cache/dev/editor/bundled/index.js:161146:12)
    at warnID (/Applications/Cocos/Creator/3.8.7/CocosCreator.app/Contents/Resources/resources/3d/engine/bin/.cache/dev/editor/bundled/index.js:161334:5)
    at parseAttributes (/Applications/Cocos/Creator/3.8.7/CocosCreator.app/Contents/Resources/resources/3d/engine/bin/.cache/dev/editor/bundled/index.js:141269:7)
    at defineProp (/Applications/Cocos/Creator/3.8.7/CocosCreator.app/Contents/Resources/resources/3d/engine/bin/.cache/dev/editor/bundled/index.js:141016:5)
    at declareProperties (/Applications/Cocos/Creator/3.8.7/CocosCreator.app/Contents/Resources/resources/3d/engine/bin/.cache/dev/editor/bundled/index.js:141180:11)
    at CCClass (/Applications/Cocos/Creator/3.8.7/CocosCreator.app/Contents/Resources/resources/3d/engine/bin/.cache/dev/editor/bundled/index.js:141205:5)
    at eval (/Applications/Cocos/Creator/3.8.7/CocosCreator.app/Contents/Resources/resources/3d/engine/bin/.cache/dev/editor/bundled/index.js:269250:21)
    at eval (/Applications/Cocos/Creator/3.8.7/CocosCreator.app/Contents/Resources/resources/3d/engine/bin/.cache/dev/editor/bundled/index.js:271291:18)
    at Object.execute (file:///Users/mike/Documents/self/game-2d-demo/temp/programming/packer-driver/targets/editor/chunks/72/72f1484ba128ae5ba39962082deca2ce26546d61.js:30:154)
    at doExec (/Applications/Cocos/Creator/3.8.7/CocosCreator.app/Contents/Resources/app.asar/node_modules/@editor/lib-programming/static/executor/systemjs-bridge/out/index.js:517:30)
    at postOrderExec (/Applications/Cocos/Creator/3.8.7/CocosCreator.app/Contents/Resources/app.asar/node_modules/@editor/lib-programming/static/executor/systemjs-bridge/out/index.js:508:21)
    at /Applications/Cocos/Creator/3.8.7/CocosCreator.app/Contents/Resources/app.asar/node_modules/@editor/lib-programming/static/executor/systemjs-bridge/out/index.js:440:12
    at file:///Users/mike/Documents/self/game-2d-demo/temp/programming/packer-driver/targets/editor/chunks/6d/cce:/internal/x/prerequisite-imports:8:13
    at Object.execute (file:///Users/mike/Documents/self/game-2d-demo/temp/programming/packer-driver/targets/editor/chunks/6d/cce:/internal/x/prerequisite-imports:4:1)
    at Executor._importPrerequisiteModules (/Applications/Cocos/Creator/3.8.7/CocosCreator.app/Contents/Resources/app.asar/node_modules/@editor/lib-programming/src/executor/index.ts:358:13)
    at Executor.reload (/Applications/Cocos/Creator/3.8.7/CocosCreator.app/Contents/Resources/app.asar/node_modules/@editor/lib-programming/src/executor/index.ts:235:13)
    at /Applications/Cocos/Creator/3.8.7/CocosCreator.app/Contents/Resources/app.asar/builtin/scene/dist/script/3d/manager/scripts.ccc:1:1893
    at GlobalEnv.processQueue (/Applications/Cocos/Creator/3.8.7/CocosCreator.app/Contents/Resources/app.asar/builtin/scene/dist/script/3d/manager/scripts.ccc:1:2290)
    at GlobalEnv.record (/Applications/Cocos/Creator/3.8.7/CocosCreator.app/Contents/Resources/app.asar/builtin/scene/dist/script/3d/manager/scripts.ccc:1:2061)
    at ScriptManager.init (/Applications/Cocos/Creator/3.8.7/CocosCreator.app/Contents/Resources/app.asar/builtin/scene/dist/script/3d/manager/scripts.ccc:1:4024)
10-17-2025 15:20:09 - error: [Scene] {hidden(::SceneExecutorImportExceptionHandler::)} TypeError: Object.defineProperty called on non-object
    at Function.defineProperty (<anonymous>)
    at Module.eval [as value] (/Applications/Cocos/Creator/3.8.7/CocosCreator.app/Contents/Resources/resources/3d/engine/bin/.cache/dev/editor/bundled/index.js:172015:18)
    at doDefine (/Applications/Cocos/Creator/3.8.7/CocosCreator.app/Contents/Resources/resources/3d/engine/bin/.cache/dev/editor/bundled/index.js:141072:8)
    at define (/Applications/Cocos/Creator/3.8.7/CocosCreator.app/Contents/Resources/resources/3d/engine/bin/.cache/dev/editor/bundled/index.js:141094:17)
    at Object.Class (/Applications/Cocos/Creator/3.8.7/CocosCreator.app/Contents/Resources/resources/3d/engine/bin/.cache/dev/editor/bundled/index.js:141194:17)
    at factory (file:///Users/mike/Documents/self/game-2d-demo/temp/programming/packer-driver/targets/editor/chunks/55/file:/Users/mike/Documents/self/game-2d-demo/assets/scripts/managers/GameManager.js:8:5)
    at CjsLoader._load (file:///Users/mike/Documents/self/game-2d-demo/temp/programming/packer-driver/targets/editor/chunks/a0/cce:/internal/ml/cjs-loader.mjs:78:9)
    at CjsLoader._tryModuleLoad (file:///Users/mike/Documents/self/game-2d-demo/temp/programming/packer-driver/targets/editor/chunks/a0/cce:/internal/ml/cjs-loader.mjs:63:18)
    at CjsLoader._require (file:///Users/mike/Documents/self/game-2d-demo/temp/programming/packer-driver/targets/editor/chunks/a0/cce:/internal/ml/cjs-loader.mjs:42:14)
    at CjsLoader.require (file:///Users/mike/Documents/self/game-2d-demo/temp/programming/packer-driver/targets/editor/chunks/a0/cce:/internal/ml/cjs-loader.mjs:27:21)
    at Object.execute (file:///Users/mike/Documents/self/game-2d-demo/temp/programming/packer-driver/targets/editor/chunks/ae/file:/Users/mike/Documents/self/game-2d-demo/assets/scripts/managers/GameManager.mjs?cjs=&original=.js:7:8)
    at doExec (/Applications/Cocos/Creator/3.8.7/CocosCreator.app/Contents/Resources/app.asar/node_modules/@editor/lib-programming/static/executor/systemjs-bridge/out/index.js:517:30)
    at postOrderExec (/Applications/Cocos/Creator/3.8.7/CocosCreator.app/Contents/Resources/app.asar/node_modules/@editor/lib-programming/static/executor/systemjs-bridge/out/index.js:508:21)
    at /Applications/Cocos/Creator/3.8.7/CocosCreator.app/Contents/Resources/app.asar/node_modules/@editor/lib-programming/static/executor/systemjs-bridge/out/index.js:440:12
    at file:///Users/mike/Documents/self/game-2d-demo/temp/programming/packer-driver/targets/editor/chunks/6d/cce:/internal/x/prerequisite-imports:8:13
    at Object.execute (file:///Users/mike/Documents/self/game-2d-demo/temp/programming/packer-driver/targets/editor/chunks/6d/cce:/internal/x/prerequisite-imports:4:1)
    at Executor._importPrerequisiteModules (/Applications/Cocos/Creator/3.8.7/CocosCreator.app/Contents/Resources/app.asar/node_modules/@editor/lib-programming/src/executor/index.ts:358:13)
    at Executor.reload (/Applications/Cocos/Creator/3.8.7/CocosCreator.app/Contents/Resources/app.asar/node_modules/@editor/lib-programming/src/executor/index.ts:235:13)
    at /Applications/Cocos/Creator/3.8.7/CocosCreator.app/Contents/Resources/app.asar/builtin/scene/dist/script/3d/manager/scripts.ccc:1:1893
    at GlobalEnv.processQueue (/Applications/Cocos/Creator/3.8.7/CocosCreator.app/Contents/Resources/app.asar/builtin/scene/dist/script/3d/manager/scripts.ccc:1:2290)
    at GlobalEnv.record (/Applications/Cocos/Creator/3.8.7/CocosCreator.app/Contents/Resources/app.asar/builtin/scene/dist/script/3d/manager/scripts.ccc:1:2061)
    at ScriptManager.init (/Applications/Cocos/Creator/3.8.7/CocosCreator.app/Contents/Resources/app.asar/builtin/scene/dist/script/3d/manager/scripts.ccc:1:4024)Error: [Scene] {hidden(::SceneExecutorImportExceptionHandler::)} TypeError: Object.defineProperty called on non-object
    at define (/Applications/Cocos/Creator/3.8.7/CocosCreator.app/Contents/Resources/resources/3d/engine/bin/.cache/dev/editor/bundled/index.js:141094:17)
    at Object.Class (/Applications/Cocos/Creator/3.8.7/CocosCreator.app/Contents/Resources/resources/3d/engine/bin/.cache/dev/editor/bundled/index.js:141194:17)
    at factory (file:///Users/mike/Documents/self/game-2d-demo/temp/programming/packer-driver/targets/editor/chunks/55/file:/Users/mike/Documents/self/game-2d-demo/assets/scripts/managers/GameManager.js:8:5)
    at CjsLoader._load (file:///Users/mike/Documents/self/game-2d-demo/temp/programming/packer-driver/targets/editor/chunks/a0/cce:/internal/ml/cjs-loader.mjs:78:9)
    at CjsLoader._tryModuleLoad (file:///Users/mike/Documents/self/game-2d-demo/temp/programming/packer-driver/targets/editor/chunks/a0/cce:/internal/ml/cjs-loader.mjs:63:18)
    at CjsLoader._require (file:///Users/mike/Documents/self/game-2d-demo/temp/programming/packer-driver/targets/editor/chunks/a0/cce:/internal/ml/cjs-loader.mjs:42:14)
    at CjsLoader.require (file:///Users/mike/Documents/self/game-2d-demo/temp/programming/packer-driver/targets/editor/chunks/a0/cce:/internal/ml/cjs-loader.mjs:27:21)
    at Object.execute (file:///Users/mike/Documents/self/game-2d-demo/temp/programming/packer-driver/targets/editor/chunks/ae/file:/Users/mike/Documents/self/game-2d-demo/assets/scripts/managers/GameManager.mjs?cjs=&original=.js:7:8)
    at doExec (/Applications/Cocos/Creator/3.8.7/CocosCreator.app/Contents/Resources/app.asar/node_modules/@editor/lib-programming/static/executor/systemjs-bridge/out/index.js:517:30)
    at postOrderExec (/Applications/Cocos/Creator/3.8.7/CocosCreator.app/Contents/Resources/app.asar/node_modules/@editor/lib-programming/static/executor/systemjs-bridge/out/index.js:508:21)
    at /Applications/Cocos/Creator/3.8.7/CocosCreator.app/Contents/Resources/app.asar/node_modules/@editor/lib-programming/static/executor/systemjs-bridge/out/index.js:440:12
    at file:///Users/mike/Documents/self/game-2d-demo/temp/programming/packer-driver/targets/editor/chunks/6d/cce:/internal/x/prerequisite-imports:8:13
    at Object.execute (file:///Users/mike/Documents/self/game-2d-demo/temp/programming/packer-driver/targets/editor/chunks/6d/cce:/internal/x/prerequisite-imports:4:1)
    at Executor._importPrerequisiteModules (/Applications/Cocos/Creator/3.8.7/CocosCreator.app/Contents/Resources/app.asar/node_modules/@editor/lib-programming/src/executor/index.ts:358:13)
    at Executor.reload (/Applications/Cocos/Creator/3.8.7/CocosCreator.app/Contents/Resources/app.asar/node_modules/@editor/lib-programming/src/executor/index.ts:235:13)
    at /Applications/Cocos/Creator/3.8.7/CocosCreator.app/Contents/Resources/app.asar/builtin/scene/dist/script/3d/manager/scripts.ccc:1:1893
    at GlobalEnv.processQueue (/Applications/Cocos/Creator/3.8.7/CocosCreator.app/Contents/Resources/app.asar/builtin/scene/dist/script/3d/manager/scripts.ccc:1:2290)
    at GlobalEnv.record (/Applications/Cocos/Creator/3.8.7/CocosCreator.app/Contents/Resources/app.asar/builtin/scene/dist/script/3d/manager/scripts.ccc:1:2061)
    at ScriptManager.init (/Applications/Cocos/Creator/3.8.7/CocosCreator.app/Contents/Resources/app.asar/builtin/scene/dist/script/3d/manager/scripts.ccc:1:4024)
    at Logger._logHandler (/Applications/Cocos/Creator/3.8.7/CocosCreator.app/Contents/Resources/app.asar/builtin/scene/dist/script/3d/manager/startup/log.ccc:1:487)
    at Logger.record (/Applications/Cocos/Creator/3.8.7/CocosCreator.app/Contents/Resources/app.asar/node_modules/@base/electron-logger/lib/renderer.ccc:1:458)
    at console.<anonymous> (/Applications/Cocos/Creator/3.8.7/CocosCreator.app/Contents/Resources/app.asar/node_modules/@base/electron-logger/lib/renderer.ccc:1:1414)
    at console.error (/Applications/Cocos/Creator/3.8.7/CocosCreator.app/Contents/Resources/app.asar/node_modules/@sentry/core/src/utils-hoist/instrument/console.ts:40:14)
    at ScriptManager._handleImportException (/Applications/Cocos/Creator/3.8.7/CocosCreator.app/Contents/Resources/app.asar/builtin/scene/dist/script/3d/manager/scripts.ccc:1:5678)
    at Executor.importExceptionHandler [as _importExceptionHandler] (/Applications/Cocos/Creator/3.8.7/CocosCreator.app/Contents/Resources/app.asar/builtin/scene/dist/script/3d/manager/scripts.ccc:1:3834)
    at Executor._onModuleLoaded (/Applications/Cocos/Creator/3.8.7/CocosCreator.app/Contents/Resources/app.asar/node_modules/@editor/lib-programming/src/executor/index.ts:401:22)
    at SystemJS.onload (/Applications/Cocos/Creator/3.8.7/CocosCreator.app/Contents/Resources/app.asar/node_modules/@editor/lib-programming/src/executor/index.ts:99:18)
    at triggerOnload (/Applications/Cocos/Creator/3.8.7/CocosCreator.app/Contents/Resources/app.asar/node_modules/@editor/lib-programming/static/executor/systemjs-bridge/out/index.js:270:10)
    at doExec (/Applications/Cocos/Creator/3.8.7/CocosCreator.app/Contents/Resources/app.asar/node_modules/@editor/lib-programming/static/executor/systemjs-bridge/out/index.js:538:7)
    at postOrderExec (/Applications/Cocos/Creator/3.8.7/CocosCreator.app/Contents/Resources/app.asar/node_modules/@editor/lib-programming/static/executor/systemjs-bridge/out/index.js:508:21)
    at /Applications/Cocos/Creator/3.8.7/CocosCreator.app/Contents/Resources/app.asar/node_modules/@editor/lib-programming/static/executor/systemjs-bridge/out/index.js:440:12
    at file:///Users/mike/Documents/self/game-2d-demo/temp/programming/packer-driver/targets/editor/chunks/6d/cce:/internal/x/prerequisite-imports:8:13
    at Object.execute (file:///Users/mike/Documents/self/game-2d-demo/temp/programming/packer-driver/targets/editor/chunks/6d/cce:/internal/x/prerequisite-imports:4:1)
    at Executor._importPrerequisiteModules (/Applications/Cocos/Creator/3.8.7/CocosCreator.app/Contents/Resources/app.asar/node_modules/@editor/lib-programming/src/executor/index.ts:358:13)
    at Executor.reload (/Applications/Cocos/Creator/3.8.7/CocosCreator.app/Contents/Resources/app.asar/node_modules/@editor/lib-programming/src/executor/index.ts:235:13)
    at /Applications/Cocos/Creator/3.8.7/CocosCreator.app/Contents/Resources/app.asar/builtin/scene/dist/script/3d/manager/scripts.ccc:1:1893
    at GlobalEnv.processQueue (/Applications/Cocos/Creator/3.8.7/CocosCreator.app/Contents/Resources/app.asar/builtin/scene/dist/script/3d/manager/scripts.ccc:1:2290)
    at GlobalEnv.record (/Applications/Cocos/Creator/3.8.7/CocosCreator.app/Contents/Resources/app.asar/builtin/scene/dist/script/3d/manager/scripts.ccc:1:2061)
    at ScriptManager.init (/Applications/Cocos/Creator/3.8.7/CocosCreator.app/Contents/Resources/app.asar/builtin/scene/dist/script/3d/manager/scripts.ccc:1:4024)
10-17-2025 15:20:09 - error: [Scene] {hidden(::SceneExecutorImportExceptionHandler::)} TypeError: Object.defineProperty called on non-object
    at Function.defineProperty (<anonymous>)
    at Module.eval [as value] (/Applications/Cocos/Creator/3.8.7/CocosCreator.app/Contents/Resources/resources/3d/engine/bin/.cache/dev/editor/bundled/index.js:172015:18)
    at doDefine (/Applications/Cocos/Creator/3.8.7/CocosCreator.app/Contents/Resources/resources/3d/engine/bin/.cache/dev/editor/bundled/index.js:141072:8)
    at define (/Applications/Cocos/Creator/3.8.7/CocosCreator.app/Contents/Resources/resources/3d/engine/bin/.cache/dev/editor/bundled/index.js:141094:17)
    at Object.Class (/Applications/Cocos/Creator/3.8.7/CocosCreator.app/Contents/Resources/resources/3d/engine/bin/.cache/dev/editor/bundled/index.js:141194:17)
    at factory (file:///Users/mike/Documents/self/game-2d-demo/temp/programming/packer-driver/targets/editor/chunks/a3/file:/Users/mike/Documents/self/game-2d-demo/assets/scripts/managers/InputManager.js:8:5)
    at CjsLoader._load (file:///Users/mike/Documents/self/game-2d-demo/temp/programming/packer-driver/targets/editor/chunks/a0/cce:/internal/ml/cjs-loader.mjs:78:9)
    at CjsLoader._tryModuleLoad (file:///Users/mike/Documents/self/game-2d-demo/temp/programming/packer-driver/targets/editor/chunks/a0/cce:/internal/ml/cjs-loader.mjs:63:18)
    at CjsLoader._require (file:///Users/mike/Documents/self/game-2d-demo/temp/programming/packer-driver/targets/editor/chunks/a0/cce:/internal/ml/cjs-loader.mjs:42:14)
    at CjsLoader.require (file:///Users/mike/Documents/self/game-2d-demo/temp/programming/packer-driver/targets/editor/chunks/a0/cce:/internal/ml/cjs-loader.mjs:27:21)
    at Object.execute (file:///Users/mike/Documents/self/game-2d-demo/temp/programming/packer-driver/targets/editor/chunks/04/file:/Users/mike/Documents/self/game-2d-demo/assets/scripts/managers/InputManager.mjs?cjs=&original=.js:7:8)
    at doExec (/Applications/Cocos/Creator/3.8.7/CocosCreator.app/Contents/Resources/app.asar/node_modules/@editor/lib-programming/static/executor/systemjs-bridge/out/index.js:517:30)
    at postOrderExec (/Applications/Cocos/Creator/3.8.7/CocosCreator.app/Contents/Resources/app.asar/node_modules/@editor/lib-programming/static/executor/systemjs-bridge/out/index.js:508:21)
    at /Applications/Cocos/Creator/3.8.7/CocosCreator.app/Contents/Resources/app.asar/node_modules/@editor/lib-programming/static/executor/systemjs-bridge/out/index.js:440:12
    at file:///Users/mike/Documents/self/game-2d-demo/temp/programming/packer-driver/targets/editor/chunks/6d/cce:/internal/x/prerequisite-imports:8:13
    at Object.execute (file:///Users/mike/Documents/self/game-2d-demo/temp/programming/packer-driver/targets/editor/chunks/6d/cce:/internal/x/prerequisite-imports:4:1)
    at Executor._importPrerequisiteModules (/Applications/Cocos/Creator/3.8.7/CocosCreator.app/Contents/Resources/app.asar/node_modules/@editor/lib-programming/src/executor/index.ts:358:13)
    at Executor.reload (/Applications/Cocos/Creator/3.8.7/CocosCreator.app/Contents/Resources/app.asar/node_modules/@editor/lib-programming/src/executor/index.ts:235:13)
    at /Applications/Cocos/Creator/3.8.7/CocosCreator.app/Contents/Resources/app.asar/builtin/scene/dist/script/3d/manager/scripts.ccc:1:1893
    at GlobalEnv.processQueue (/Applications/Cocos/Creator/3.8.7/CocosCreator.app/Contents/Resources/app.asar/builtin/scene/dist/script/3d/manager/scripts.ccc:1:2290)
    at GlobalEnv.record (/Applications/Cocos/Creator/3.8.7/CocosCreator.app/Contents/Resources/app.asar/builtin/scene/dist/script/3d/manager/scripts.ccc:1:2061)
    at ScriptManager.init (/Applications/Cocos/Creator/3.8.7/CocosCreator.app/Contents/Resources/app.asar/builtin/scene/dist/script/3d/manager/scripts.ccc:1:4024)Error: [Scene] {hidden(::SceneExecutorImportExceptionHandler::)} TypeError: Object.defineProperty called on non-object
    at define (/Applications/Cocos/Creator/3.8.7/CocosCreator.app/Contents/Resources/resources/3d/engine/bin/.cache/dev/editor/bundled/index.js:141094:17)
    at Object.Class (/Applications/Cocos/Creator/3.8.7/CocosCreator.app/Contents/Resources/resources/3d/engine/bin/.cache/dev/editor/bundled/index.js:141194:17)
    at factory (file:///Users/mike/Documents/self/game-2d-demo/temp/programming/packer-driver/targets/editor/chunks/a3/file:/Users/mike/Documents/self/game-2d-demo/assets/scripts/managers/InputManager.js:8:5)
    at CjsLoader._load (file:///Users/mike/Documents/self/game-2d-demo/temp/programming/packer-driver/targets/editor/chunks/a0/cce:/internal/ml/cjs-loader.mjs:78:9)
    at CjsLoader._tryModuleLoad (file:///Users/mike/Documents/self/game-2d-demo/temp/programming/packer-driver/targets/editor/chunks/a0/cce:/internal/ml/cjs-loader.mjs:63:18)
    at CjsLoader._require (file:///Users/mike/Documents/self/game-2d-demo/temp/programming/packer-driver/targets/editor/chunks/a0/cce:/internal/ml/cjs-loader.mjs:42:14)
    at CjsLoader.require (file:///Users/mike/Documents/self/game-2d-demo/temp/programming/packer-driver/targets/editor/chunks/a0/cce:/internal/ml/cjs-loader.mjs:27:21)
    at Object.execute (file:///Users/mike/Documents/self/game-2d-demo/temp/programming/packer-driver/targets/editor/chunks/04/file:/Users/mike/Documents/self/game-2d-demo/assets/scripts/managers/InputManager.mjs?cjs=&original=.js:7:8)
    at doExec (/Applications/Cocos/Creator/3.8.7/CocosCreator.app/Contents/Resources/app.asar/node_modules/@editor/lib-programming/static/executor/systemjs-bridge/out/index.js:517:30)
    at postOrderExec (/Applications/Cocos/Creator/3.8.7/CocosCreator.app/Contents/Resources/app.asar/node_modules/@editor/lib-programming/static/executor/systemjs-bridge/out/index.js:508:21)
    at /Applications/Cocos/Creator/3.8.7/CocosCreator.app/Contents/Resources/app.asar/node_modules/@editor/lib-programming/static/executor/systemjs-bridge/out/index.js:440:12
    at file:///Users/mike/Documents/self/game-2d-demo/temp/programming/packer-driver/targets/editor/chunks/6d/cce:/internal/x/prerequisite-imports:8:13
    at Object.execute (file:///Users/mike/Documents/self/game-2d-demo/temp/programming/packer-driver/targets/editor/chunks/6d/cce:/internal/x/prerequisite-imports:4:1)
    at Executor._importPrerequisiteModules (/Applications/Cocos/Creator/3.8.7/CocosCreator.app/Contents/Resources/app.asar/node_modules/@editor/lib-programming/src/executor/index.ts:358:13)
    at Executor.reload (/Applications/Cocos/Creator/3.8.7/CocosCreator.app/Contents/Resources/app.asar/node_modules/@editor/lib-programming/src/executor/index.ts:235:13)
    at /Applications/Cocos/Creator/3.8.7/CocosCreator.app/Contents/Resources/app.asar/builtin/scene/dist/script/3d/manager/scripts.ccc:1:1893
    at GlobalEnv.processQueue (/Applications/Cocos/Creator/3.8.7/CocosCreator.app/Contents/Resources/app.asar/builtin/scene/dist/script/3d/manager/scripts.ccc:1:2290)
    at GlobalEnv.record (/Applications/Cocos/Creator/3.8.7/CocosCreator.app/Contents/Resources/app.asar/builtin/scene/dist/script/3d/manager/scripts.ccc:1:2061)
    at ScriptManager.init (/Applications/Cocos/Creator/3.8.7/CocosCreator.app/Contents/Resources/app.asar/builtin/scene/dist/script/3d/manager/scripts.ccc:1:4024)
    at Logger._logHandler (/Applications/Cocos/Creator/3.8.7/CocosCreator.app/Contents/Resources/app.asar/builtin/scene/dist/script/3d/manager/startup/log.ccc:1:487)
    at Logger.record (/Applications/Cocos/Creator/3.8.7/CocosCreator.app/Contents/Resources/app.asar/node_modules/@base/electron-logger/lib/renderer.ccc:1:458)
    at console.<anonymous> (/Applications/Cocos/Creator/3.8.7/CocosCreator.app/Contents/Resources/app.asar/node_modules/@base/electron-logger/lib/renderer.ccc:1:1414)
    at console.error (/Applications/Cocos/Creator/3.8.7/CocosCreator.app/Contents/Resources/app.asar/node_modules/@sentry/core/src/utils-hoist/instrument/console.ts:40:14)
    at ScriptManager._handleImportException (/Applications/Cocos/Creator/3.8.7/CocosCreator.app/Contents/Resources/app.asar/builtin/scene/dist/script/3d/manager/scripts.ccc:1:5678)
    at Executor.importExceptionHandler [as _importExceptionHandler] (/Applications/Cocos/Creator/3.8.7/CocosCreator.app/Contents/Resources/app.asar/builtin/scene/dist/script/3d/manager/scripts.ccc:1:3834)
    at Executor._onModuleLoaded (/Applications/Cocos/Creator/3.8.7/CocosCreator.app/Contents/Resources/app.asar/node_modules/@editor/lib-programming/src/executor/index.ts:401:22)
    at SystemJS.onload (/Applications/Cocos/Creator/3.8.7/CocosCreator.app/Contents/Resources/app.asar/node_modules/@editor/lib-programming/src/executor/index.ts:99:18)
    at triggerOnload (/Applications/Cocos/Creator/3.8.7/CocosCreator.app/Contents/Resources/app.asar/node_modules/@editor/lib-programming/static/executor/systemjs-bridge/out/index.js:270:10)
    at doExec (/Applications/Cocos/Creator/3.8.7/CocosCreator.app/Contents/Resources/app.asar/node_modules/@editor/lib-programming/static/executor/systemjs-bridge/out/index.js:538:7)
    at postOrderExec (/Applications/Cocos/Creator/3.8.7/CocosCreator.app/Contents/Resources/app.asar/node_modules/@editor/lib-programming/static/executor/systemjs-bridge/out/index.js:508:21)
    at /Applications/Cocos/Creator/3.8.7/CocosCreator.app/Contents/Resources/app.asar/node_modules/@editor/lib-programming/static/executor/systemjs-bridge/out/index.js:440:12
    at file:///Users/mike/Documents/self/game-2d-demo/temp/programming/packer-driver/targets/editor/chunks/6d/cce:/internal/x/prerequisite-imports:8:13
    at Object.execute (file:///Users/mike/Documents/self/game-2d-demo/temp/programming/packer-driver/targets/editor/chunks/6d/cce:/internal/x/prerequisite-imports:4:1)
    at Executor._importPrerequisiteModules (/Applications/Cocos/Creator/3.8.7/CocosCreator.app/Contents/Resources/app.asar/node_modules/@editor/lib-programming/src/executor/index.ts:358:13)
    at Executor.reload (/Applications/Cocos/Creator/3.8.7/CocosCreator.app/Contents/Resources/app.asar/node_modules/@editor/lib-programming/src/executor/index.ts:235:13)
    at /Applications/Cocos/Creator/3.8.7/CocosCreator.app/Contents/Resources/app.asar/builtin/scene/dist/script/3d/manager/scripts.ccc:1:1893
    at GlobalEnv.processQueue (/Applications/Cocos/Creator/3.8.7/CocosCreator.app/Contents/Resources/app.asar/builtin/scene/dist/script/3d/manager/scripts.ccc:1:2290)
    at GlobalEnv.record (/Applications/Cocos/Creator/3.8.7/CocosCreator.app/Contents/Resources/app.asar/builtin/scene/dist/script/3d/manager/scripts.ccc:1:2061)
    at ScriptManager.init (/Applications/Cocos/Creator/3.8.7/CocosCreator.app/Contents/Resources/app.asar/builtin/scene/dist/script/3d/manager/scripts.ccc:1:4024)
10-17-2025 15:20:09 - log: [Scene] Using custom pipeline: Builtin
10-17-2025 15:20:09 - log: [Scene] [PHYSICS]: switch from builtin to bullet.
10-17-2025 15:20:09 - log: [Scene] [PHYSICS2D]: switch from builtin to box2d.
10-17-2025 18:17:24 - error: [Scene] {hidden(::SceneExecutorImportExceptionHandler::)} TypeError: Object.defineProperty called on non-object
    at Function.defineProperty (<anonymous>)
    at Module.eval [as value] (/Applications/Cocos/Creator/3.8.7/CocosCreator.app/Contents/Resources/resources/3d/engine/bin/.cache/dev/editor/bundled/index.js:172015:18)
    at doDefine (/Applications/Cocos/Creator/3.8.7/CocosCreator.app/Contents/Resources/resources/3d/engine/bin/.cache/dev/editor/bundled/index.js:141072:8)
    at define (/Applications/Cocos/Creator/3.8.7/CocosCreator.app/Contents/Resources/resources/3d/engine/bin/.cache/dev/editor/bundled/index.js:141094:17)
    at Object.Class (/Applications/Cocos/Creator/3.8.7/CocosCreator.app/Contents/Resources/resources/3d/engine/bin/.cache/dev/editor/bundled/index.js:141194:17)
    at factory (file:///Users/mike/Documents/self/game-2d-demo/temp/programming/packer-driver/targets/editor/chunks/53/file:/Users/mike/Documents/self/game-2d-demo/assets/scripts/components/CameraFollow.js:8:5)
    at CjsLoader._load (file:///Users/mike/Documents/self/game-2d-demo/temp/programming/packer-driver/targets/editor/chunks/a0/cce:/internal/ml/cjs-loader.mjs:78:9)
    at CjsLoader._tryModuleLoad (file:///Users/mike/Documents/self/game-2d-demo/temp/programming/packer-driver/targets/editor/chunks/a0/cce:/internal/ml/cjs-loader.mjs:63:18)
    at CjsLoader._require (file:///Users/mike/Documents/self/game-2d-demo/temp/programming/packer-driver/targets/editor/chunks/a0/cce:/internal/ml/cjs-loader.mjs:42:14)
    at CjsLoader.require (file:///Users/mike/Documents/self/game-2d-demo/temp/programming/packer-driver/targets/editor/chunks/a0/cce:/internal/ml/cjs-loader.mjs:27:21)
    at Object.execute (file:///Users/mike/Documents/self/game-2d-demo/temp/programming/packer-driver/targets/editor/chunks/26/file:/Users/mike/Documents/self/game-2d-demo/assets/scripts/components/CameraFollow.mjs?cjs=&original=.js:7:8)
    at doExec (/Applications/Cocos/Creator/3.8.7/CocosCreator.app/Contents/Resources/app.asar/node_modules/@editor/lib-programming/static/executor/systemjs-bridge/out/index.js:517:30)
    at postOrderExec (/Applications/Cocos/Creator/3.8.7/CocosCreator.app/Contents/Resources/app.asar/node_modules/@editor/lib-programming/static/executor/systemjs-bridge/out/index.js:508:21)
    at /Applications/Cocos/Creator/3.8.7/CocosCreator.app/Contents/Resources/app.asar/node_modules/@editor/lib-programming/static/executor/systemjs-bridge/out/index.js:440:12
    at file:///Users/mike/Documents/self/game-2d-demo/temp/programming/packer-driver/targets/editor/chunks/6d/cce:/internal/x/prerequisite-imports:8:13
    at Object.execute (file:///Users/mike/Documents/self/game-2d-demo/temp/programming/packer-driver/targets/editor/chunks/6d/cce:/internal/x/prerequisite-imports:4:1)
    at Executor._importPrerequisiteModules (/Applications/Cocos/Creator/3.8.7/CocosCreator.app/Contents/Resources/app.asar/node_modules/@editor/lib-programming/src/executor/index.ts:358:13)
    at Executor.reload (/Applications/Cocos/Creator/3.8.7/CocosCreator.app/Contents/Resources/app.asar/node_modules/@editor/lib-programming/src/executor/index.ts:235:13)
    at /Applications/Cocos/Creator/3.8.7/CocosCreator.app/Contents/Resources/app.asar/builtin/scene/dist/script/3d/manager/scripts.ccc:1:1893
    at GlobalEnv.processQueue (/Applications/Cocos/Creator/3.8.7/CocosCreator.app/Contents/Resources/app.asar/builtin/scene/dist/script/3d/manager/scripts.ccc:1:2290)
    at GlobalEnv.record (/Applications/Cocos/Creator/3.8.7/CocosCreator.app/Contents/Resources/app.asar/builtin/scene/dist/script/3d/manager/scripts.ccc:1:2061)Error: [Scene] {hidden(::SceneExecutorImportExceptionHandler::)} TypeError: Object.defineProperty called on non-object
    at define (/Applications/Cocos/Creator/3.8.7/CocosCreator.app/Contents/Resources/resources/3d/engine/bin/.cache/dev/editor/bundled/index.js:141094:17)
    at Object.Class (/Applications/Cocos/Creator/3.8.7/CocosCreator.app/Contents/Resources/resources/3d/engine/bin/.cache/dev/editor/bundled/index.js:141194:17)
    at factory (file:///Users/mike/Documents/self/game-2d-demo/temp/programming/packer-driver/targets/editor/chunks/53/file:/Users/mike/Documents/self/game-2d-demo/assets/scripts/components/CameraFollow.js:8:5)
    at CjsLoader._load (file:///Users/mike/Documents/self/game-2d-demo/temp/programming/packer-driver/targets/editor/chunks/a0/cce:/internal/ml/cjs-loader.mjs:78:9)
    at CjsLoader._tryModuleLoad (file:///Users/mike/Documents/self/game-2d-demo/temp/programming/packer-driver/targets/editor/chunks/a0/cce:/internal/ml/cjs-loader.mjs:63:18)
    at CjsLoader._require (file:///Users/mike/Documents/self/game-2d-demo/temp/programming/packer-driver/targets/editor/chunks/a0/cce:/internal/ml/cjs-loader.mjs:42:14)
    at CjsLoader.require (file:///Users/mike/Documents/self/game-2d-demo/temp/programming/packer-driver/targets/editor/chunks/a0/cce:/internal/ml/cjs-loader.mjs:27:21)
    at Object.execute (file:///Users/mike/Documents/self/game-2d-demo/temp/programming/packer-driver/targets/editor/chunks/26/file:/Users/mike/Documents/self/game-2d-demo/assets/scripts/components/CameraFollow.mjs?cjs=&original=.js:7:8)
    at doExec (/Applications/Cocos/Creator/3.8.7/CocosCreator.app/Contents/Resources/app.asar/node_modules/@editor/lib-programming/static/executor/systemjs-bridge/out/index.js:517:30)
    at postOrderExec (/Applications/Cocos/Creator/3.8.7/CocosCreator.app/Contents/Resources/app.asar/node_modules/@editor/lib-programming/static/executor/systemjs-bridge/out/index.js:508:21)
    at /Applications/Cocos/Creator/3.8.7/CocosCreator.app/Contents/Resources/app.asar/node_modules/@editor/lib-programming/static/executor/systemjs-bridge/out/index.js:440:12
    at file:///Users/mike/Documents/self/game-2d-demo/temp/programming/packer-driver/targets/editor/chunks/6d/cce:/internal/x/prerequisite-imports:8:13
    at Object.execute (file:///Users/mike/Documents/self/game-2d-demo/temp/programming/packer-driver/targets/editor/chunks/6d/cce:/internal/x/prerequisite-imports:4:1)
    at Executor._importPrerequisiteModules (/Applications/Cocos/Creator/3.8.7/CocosCreator.app/Contents/Resources/app.asar/node_modules/@editor/lib-programming/src/executor/index.ts:358:13)
    at Executor.reload (/Applications/Cocos/Creator/3.8.7/CocosCreator.app/Contents/Resources/app.asar/node_modules/@editor/lib-programming/src/executor/index.ts:235:13)
    at /Applications/Cocos/Creator/3.8.7/CocosCreator.app/Contents/Resources/app.asar/builtin/scene/dist/script/3d/manager/scripts.ccc:1:1893
    at GlobalEnv.processQueue (/Applications/Cocos/Creator/3.8.7/CocosCreator.app/Contents/Resources/app.asar/builtin/scene/dist/script/3d/manager/scripts.ccc:1:2290)
    at GlobalEnv.record (/Applications/Cocos/Creator/3.8.7/CocosCreator.app/Contents/Resources/app.asar/builtin/scene/dist/script/3d/manager/scripts.ccc:1:2061)
    at Logger._logHandler (/Applications/Cocos/Creator/3.8.7/CocosCreator.app/Contents/Resources/app.asar/builtin/scene/dist/script/3d/manager/startup/log.ccc:1:487)
    at Logger.record (/Applications/Cocos/Creator/3.8.7/CocosCreator.app/Contents/Resources/app.asar/node_modules/@base/electron-logger/lib/renderer.ccc:1:458)
    at console.<anonymous> (/Applications/Cocos/Creator/3.8.7/CocosCreator.app/Contents/Resources/app.asar/node_modules/@base/electron-logger/lib/renderer.ccc:1:1414)
    at console.error (/Applications/Cocos/Creator/3.8.7/CocosCreator.app/Contents/Resources/app.asar/node_modules/@sentry/core/src/utils-hoist/instrument/console.ts:40:14)
    at ScriptManager._handleImportException (/Applications/Cocos/Creator/3.8.7/CocosCreator.app/Contents/Resources/app.asar/builtin/scene/dist/script/3d/manager/scripts.ccc:1:5678)
    at Executor.importExceptionHandler [as _importExceptionHandler] (/Applications/Cocos/Creator/3.8.7/CocosCreator.app/Contents/Resources/app.asar/builtin/scene/dist/script/3d/manager/scripts.ccc:1:3834)
    at Executor._onModuleLoaded (/Applications/Cocos/Creator/3.8.7/CocosCreator.app/Contents/Resources/app.asar/node_modules/@editor/lib-programming/src/executor/index.ts:401:22)
    at SystemJS.onload (/Applications/Cocos/Creator/3.8.7/CocosCreator.app/Contents/Resources/app.asar/node_modules/@editor/lib-programming/src/executor/index.ts:99:18)
    at triggerOnload (/Applications/Cocos/Creator/3.8.7/CocosCreator.app/Contents/Resources/app.asar/node_modules/@editor/lib-programming/static/executor/systemjs-bridge/out/index.js:270:10)
    at doExec (/Applications/Cocos/Creator/3.8.7/CocosCreator.app/Contents/Resources/app.asar/node_modules/@editor/lib-programming/static/executor/systemjs-bridge/out/index.js:538:7)
    at postOrderExec (/Applications/Cocos/Creator/3.8.7/CocosCreator.app/Contents/Resources/app.asar/node_modules/@editor/lib-programming/static/executor/systemjs-bridge/out/index.js:508:21)
    at /Applications/Cocos/Creator/3.8.7/CocosCreator.app/Contents/Resources/app.asar/node_modules/@editor/lib-programming/static/executor/systemjs-bridge/out/index.js:440:12
    at file:///Users/mike/Documents/self/game-2d-demo/temp/programming/packer-driver/targets/editor/chunks/6d/cce:/internal/x/prerequisite-imports:8:13
    at Object.execute (file:///Users/mike/Documents/self/game-2d-demo/temp/programming/packer-driver/targets/editor/chunks/6d/cce:/internal/x/prerequisite-imports:4:1)
    at Executor._importPrerequisiteModules (/Applications/Cocos/Creator/3.8.7/CocosCreator.app/Contents/Resources/app.asar/node_modules/@editor/lib-programming/src/executor/index.ts:358:13)
    at Executor.reload (/Applications/Cocos/Creator/3.8.7/CocosCreator.app/Contents/Resources/app.asar/node_modules/@editor/lib-programming/src/executor/index.ts:235:13)
    at /Applications/Cocos/Creator/3.8.7/CocosCreator.app/Contents/Resources/app.asar/builtin/scene/dist/script/3d/manager/scripts.ccc:1:1893
    at GlobalEnv.processQueue (/Applications/Cocos/Creator/3.8.7/CocosCreator.app/Contents/Resources/app.asar/builtin/scene/dist/script/3d/manager/scripts.ccc:1:2290)
    at GlobalEnv.record (/Applications/Cocos/Creator/3.8.7/CocosCreator.app/Contents/Resources/app.asar/builtin/scene/dist/script/3d/manager/scripts.ccc:1:2061)
10-17-2025 18:17:24 - error: [Scene] {hidden(::SceneExecutorImportExceptionHandler::)} TypeError: Object.defineProperty called on non-object
    at Function.defineProperty (<anonymous>)
    at Module.eval [as value] (/Applications/Cocos/Creator/3.8.7/CocosCreator.app/Contents/Resources/resources/3d/engine/bin/.cache/dev/editor/bundled/index.js:172015:18)
    at doDefine (/Applications/Cocos/Creator/3.8.7/CocosCreator.app/Contents/Resources/resources/3d/engine/bin/.cache/dev/editor/bundled/index.js:141072:8)
    at define (/Applications/Cocos/Creator/3.8.7/CocosCreator.app/Contents/Resources/resources/3d/engine/bin/.cache/dev/editor/bundled/index.js:141094:17)
    at Object.Class (/Applications/Cocos/Creator/3.8.7/CocosCreator.app/Contents/Resources/resources/3d/engine/bin/.cache/dev/editor/bundled/index.js:141194:17)
    at factory (file:///Users/mike/Documents/self/game-2d-demo/temp/programming/packer-driver/targets/editor/chunks/c7/file:/Users/mike/Documents/self/game-2d-demo/assets/scripts/components/PlayerController.js:8:5)
    at CjsLoader._load (file:///Users/mike/Documents/self/game-2d-demo/temp/programming/packer-driver/targets/editor/chunks/a0/cce:/internal/ml/cjs-loader.mjs:78:9)
    at CjsLoader._tryModuleLoad (file:///Users/mike/Documents/self/game-2d-demo/temp/programming/packer-driver/targets/editor/chunks/a0/cce:/internal/ml/cjs-loader.mjs:63:18)
    at CjsLoader._require (file:///Users/mike/Documents/self/game-2d-demo/temp/programming/packer-driver/targets/editor/chunks/a0/cce:/internal/ml/cjs-loader.mjs:42:14)
    at CjsLoader.require (file:///Users/mike/Documents/self/game-2d-demo/temp/programming/packer-driver/targets/editor/chunks/a0/cce:/internal/ml/cjs-loader.mjs:27:21)
    at Object.execute (file:///Users/mike/Documents/self/game-2d-demo/temp/programming/packer-driver/targets/editor/chunks/a4/file:/Users/mike/Documents/self/game-2d-demo/assets/scripts/components/PlayerController.mjs?cjs=&original=.js:7:8)
    at doExec (/Applications/Cocos/Creator/3.8.7/CocosCreator.app/Contents/Resources/app.asar/node_modules/@editor/lib-programming/static/executor/systemjs-bridge/out/index.js:517:30)
    at postOrderExec (/Applications/Cocos/Creator/3.8.7/CocosCreator.app/Contents/Resources/app.asar/node_modules/@editor/lib-programming/static/executor/systemjs-bridge/out/index.js:508:21)
    at /Applications/Cocos/Creator/3.8.7/CocosCreator.app/Contents/Resources/app.asar/node_modules/@editor/lib-programming/static/executor/systemjs-bridge/out/index.js:440:12
    at file:///Users/mike/Documents/self/game-2d-demo/temp/programming/packer-driver/targets/editor/chunks/6d/cce:/internal/x/prerequisite-imports:8:13
    at Object.execute (file:///Users/mike/Documents/self/game-2d-demo/temp/programming/packer-driver/targets/editor/chunks/6d/cce:/internal/x/prerequisite-imports:4:1)
    at Executor._importPrerequisiteModules (/Applications/Cocos/Creator/3.8.7/CocosCreator.app/Contents/Resources/app.asar/node_modules/@editor/lib-programming/src/executor/index.ts:358:13)
    at Executor.reload (/Applications/Cocos/Creator/3.8.7/CocosCreator.app/Contents/Resources/app.asar/node_modules/@editor/lib-programming/src/executor/index.ts:235:13)
    at /Applications/Cocos/Creator/3.8.7/CocosCreator.app/Contents/Resources/app.asar/builtin/scene/dist/script/3d/manager/scripts.ccc:1:1893
    at GlobalEnv.processQueue (/Applications/Cocos/Creator/3.8.7/CocosCreator.app/Contents/Resources/app.asar/builtin/scene/dist/script/3d/manager/scripts.ccc:1:2290)
    at GlobalEnv.record (/Applications/Cocos/Creator/3.8.7/CocosCreator.app/Contents/Resources/app.asar/builtin/scene/dist/script/3d/manager/scripts.ccc:1:2061)Error: [Scene] {hidden(::SceneExecutorImportExceptionHandler::)} TypeError: Object.defineProperty called on non-object
    at define (/Applications/Cocos/Creator/3.8.7/CocosCreator.app/Contents/Resources/resources/3d/engine/bin/.cache/dev/editor/bundled/index.js:141094:17)
    at Object.Class (/Applications/Cocos/Creator/3.8.7/CocosCreator.app/Contents/Resources/resources/3d/engine/bin/.cache/dev/editor/bundled/index.js:141194:17)
    at factory (file:///Users/mike/Documents/self/game-2d-demo/temp/programming/packer-driver/targets/editor/chunks/c7/file:/Users/mike/Documents/self/game-2d-demo/assets/scripts/components/PlayerController.js:8:5)
    at CjsLoader._load (file:///Users/mike/Documents/self/game-2d-demo/temp/programming/packer-driver/targets/editor/chunks/a0/cce:/internal/ml/cjs-loader.mjs:78:9)
    at CjsLoader._tryModuleLoad (file:///Users/mike/Documents/self/game-2d-demo/temp/programming/packer-driver/targets/editor/chunks/a0/cce:/internal/ml/cjs-loader.mjs:63:18)
    at CjsLoader._require (file:///Users/mike/Documents/self/game-2d-demo/temp/programming/packer-driver/targets/editor/chunks/a0/cce:/internal/ml/cjs-loader.mjs:42:14)
    at CjsLoader.require (file:///Users/mike/Documents/self/game-2d-demo/temp/programming/packer-driver/targets/editor/chunks/a0/cce:/internal/ml/cjs-loader.mjs:27:21)
    at Object.execute (file:///Users/mike/Documents/self/game-2d-demo/temp/programming/packer-driver/targets/editor/chunks/a4/file:/Users/mike/Documents/self/game-2d-demo/assets/scripts/components/PlayerController.mjs?cjs=&original=.js:7:8)
    at doExec (/Applications/Cocos/Creator/3.8.7/CocosCreator.app/Contents/Resources/app.asar/node_modules/@editor/lib-programming/static/executor/systemjs-bridge/out/index.js:517:30)
    at postOrderExec (/Applications/Cocos/Creator/3.8.7/CocosCreator.app/Contents/Resources/app.asar/node_modules/@editor/lib-programming/static/executor/systemjs-bridge/out/index.js:508:21)
    at /Applications/Cocos/Creator/3.8.7/CocosCreator.app/Contents/Resources/app.asar/node_modules/@editor/lib-programming/static/executor/systemjs-bridge/out/index.js:440:12
    at file:///Users/mike/Documents/self/game-2d-demo/temp/programming/packer-driver/targets/editor/chunks/6d/cce:/internal/x/prerequisite-imports:8:13
    at Object.execute (file:///Users/mike/Documents/self/game-2d-demo/temp/programming/packer-driver/targets/editor/chunks/6d/cce:/internal/x/prerequisite-imports:4:1)
    at Executor._importPrerequisiteModules (/Applications/Cocos/Creator/3.8.7/CocosCreator.app/Contents/Resources/app.asar/node_modules/@editor/lib-programming/src/executor/index.ts:358:13)
    at Executor.reload (/Applications/Cocos/Creator/3.8.7/CocosCreator.app/Contents/Resources/app.asar/node_modules/@editor/lib-programming/src/executor/index.ts:235:13)
    at /Applications/Cocos/Creator/3.8.7/CocosCreator.app/Contents/Resources/app.asar/builtin/scene/dist/script/3d/manager/scripts.ccc:1:1893
    at GlobalEnv.processQueue (/Applications/Cocos/Creator/3.8.7/CocosCreator.app/Contents/Resources/app.asar/builtin/scene/dist/script/3d/manager/scripts.ccc:1:2290)
    at GlobalEnv.record (/Applications/Cocos/Creator/3.8.7/CocosCreator.app/Contents/Resources/app.asar/builtin/scene/dist/script/3d/manager/scripts.ccc:1:2061)
    at Logger._logHandler (/Applications/Cocos/Creator/3.8.7/CocosCreator.app/Contents/Resources/app.asar/builtin/scene/dist/script/3d/manager/startup/log.ccc:1:487)
    at Logger.record (/Applications/Cocos/Creator/3.8.7/CocosCreator.app/Contents/Resources/app.asar/node_modules/@base/electron-logger/lib/renderer.ccc:1:458)
    at console.<anonymous> (/Applications/Cocos/Creator/3.8.7/CocosCreator.app/Contents/Resources/app.asar/node_modules/@base/electron-logger/lib/renderer.ccc:1:1414)
    at console.error (/Applications/Cocos/Creator/3.8.7/CocosCreator.app/Contents/Resources/app.asar/node_modules/@sentry/core/src/utils-hoist/instrument/console.ts:40:14)
    at ScriptManager._handleImportException (/Applications/Cocos/Creator/3.8.7/CocosCreator.app/Contents/Resources/app.asar/builtin/scene/dist/script/3d/manager/scripts.ccc:1:5678)
    at Executor.importExceptionHandler [as _importExceptionHandler] (/Applications/Cocos/Creator/3.8.7/CocosCreator.app/Contents/Resources/app.asar/builtin/scene/dist/script/3d/manager/scripts.ccc:1:3834)
    at Executor._onModuleLoaded (/Applications/Cocos/Creator/3.8.7/CocosCreator.app/Contents/Resources/app.asar/node_modules/@editor/lib-programming/src/executor/index.ts:401:22)
    at SystemJS.onload (/Applications/Cocos/Creator/3.8.7/CocosCreator.app/Contents/Resources/app.asar/node_modules/@editor/lib-programming/src/executor/index.ts:99:18)
    at triggerOnload (/Applications/Cocos/Creator/3.8.7/CocosCreator.app/Contents/Resources/app.asar/node_modules/@editor/lib-programming/static/executor/systemjs-bridge/out/index.js:270:10)
    at doExec (/Applications/Cocos/Creator/3.8.7/CocosCreator.app/Contents/Resources/app.asar/node_modules/@editor/lib-programming/static/executor/systemjs-bridge/out/index.js:538:7)
    at postOrderExec (/Applications/Cocos/Creator/3.8.7/CocosCreator.app/Contents/Resources/app.asar/node_modules/@editor/lib-programming/static/executor/systemjs-bridge/out/index.js:508:21)
    at /Applications/Cocos/Creator/3.8.7/CocosCreator.app/Contents/Resources/app.asar/node_modules/@editor/lib-programming/static/executor/systemjs-bridge/out/index.js:440:12
    at file:///Users/mike/Documents/self/game-2d-demo/temp/programming/packer-driver/targets/editor/chunks/6d/cce:/internal/x/prerequisite-imports:8:13
    at Object.execute (file:///Users/mike/Documents/self/game-2d-demo/temp/programming/packer-driver/targets/editor/chunks/6d/cce:/internal/x/prerequisite-imports:4:1)
    at Executor._importPrerequisiteModules (/Applications/Cocos/Creator/3.8.7/CocosCreator.app/Contents/Resources/app.asar/node_modules/@editor/lib-programming/src/executor/index.ts:358:13)
    at Executor.reload (/Applications/Cocos/Creator/3.8.7/CocosCreator.app/Contents/Resources/app.asar/node_modules/@editor/lib-programming/src/executor/index.ts:235:13)
    at /Applications/Cocos/Creator/3.8.7/CocosCreator.app/Contents/Resources/app.asar/builtin/scene/dist/script/3d/manager/scripts.ccc:1:1893
    at GlobalEnv.processQueue (/Applications/Cocos/Creator/3.8.7/CocosCreator.app/Contents/Resources/app.asar/builtin/scene/dist/script/3d/manager/scripts.ccc:1:2290)
    at GlobalEnv.record (/Applications/Cocos/Creator/3.8.7/CocosCreator.app/Contents/Resources/app.asar/builtin/scene/dist/script/3d/manager/scripts.ccc:1:2061)
10-17-2025 18:17:24 - warn: [Scene] You are explicitly specifying `undefined` type to cc property "rigidBody" of cc class "PlayerController".
Is this intended? If not, this may indicate a circular reference.
For example:

 
// foo.ts
import { _decorator } from 'cc';
import { Bar } from './bar';  // Given that './bar' also reference 'foo.ts'.
                              // When importing './bar', execution of './bar' is hung on to wait execution of 'foo.ts',
                              // the `Bar` imported here is `undefined` until './bar' finish its execution.
                              // It leads to that
@_decorator.ccclass           //  ↓
export class Foo {            //  ↓
    @_decorator.type(Bar)     //  → is equivalent to `@_decorator.type(undefined)`
    public bar: Bar;          // To eliminate this error, either:
                              // - Refactor your module structure(recommended), or
                              // - specify the type as cc class name: `@_decorator.type('Bar'/* or any name you specified for `Bar` */)`
}Error: [Scene] You are explicitly specifying `undefined` type to cc property "rigidBody" of cc class "PlayerController".
Is this intended? If not, this may indicate a circular reference.
For example:

 
// foo.ts
import { _decorator } from 'cc';
import { Bar } from './bar';  // Given that './bar' also reference 'foo.ts'.
@_decorator.ccclass           //  ↓
export class Foo {            //  ↓
    @_decorator.type(Bar)     //  → is equivalent to `@_decorator.type(undefined)`
    public bar: Bar;          // To eliminate this error, either:
                              // - Refactor your module structure(recommended), or
                              // - specify the type as cc class name: `@_decorator.type('Bar'/* or any name you specified for `Bar` */)`
}
    at Logger._logHandler (/Applications/Cocos/Creator/3.8.7/CocosCreator.app/Contents/Resources/app.asar/builtin/scene/dist/script/3d/manager/startup/log.ccc:1:487)
    at Logger.record (/Applications/Cocos/Creator/3.8.7/CocosCreator.app/Contents/Resources/app.asar/node_modules/@base/electron-logger/lib/renderer.ccc:1:458)
    at console.<anonymous> (/Applications/Cocos/Creator/3.8.7/CocosCreator.app/Contents/Resources/app.asar/node_modules/@base/electron-logger/lib/renderer.ccc:1:1260)
    at console.warn (/Applications/Cocos/Creator/3.8.7/CocosCreator.app/Contents/Resources/app.asar/node_modules/@sentry/core/src/utils-hoist/instrument/console.ts:40:14)
    at warn (/Applications/Cocos/Creator/3.8.7/CocosCreator.app/Contents/Resources/resources/3d/engine/bin/.cache/dev/editor/bundled/index.js:161146:12)
    at warnID (/Applications/Cocos/Creator/3.8.7/CocosCreator.app/Contents/Resources/resources/3d/engine/bin/.cache/dev/editor/bundled/index.js:161334:5)
    at parseAttributes (/Applications/Cocos/Creator/3.8.7/CocosCreator.app/Contents/Resources/resources/3d/engine/bin/.cache/dev/editor/bundled/index.js:141269:7)
    at defineProp (/Applications/Cocos/Creator/3.8.7/CocosCreator.app/Contents/Resources/resources/3d/engine/bin/.cache/dev/editor/bundled/index.js:141016:5)
    at declareProperties (/Applications/Cocos/Creator/3.8.7/CocosCreator.app/Contents/Resources/resources/3d/engine/bin/.cache/dev/editor/bundled/index.js:141180:11)
    at CCClass (/Applications/Cocos/Creator/3.8.7/CocosCreator.app/Contents/Resources/resources/3d/engine/bin/.cache/dev/editor/bundled/index.js:141205:5)
    at eval (/Applications/Cocos/Creator/3.8.7/CocosCreator.app/Contents/Resources/resources/3d/engine/bin/.cache/dev/editor/bundled/index.js:269250:21)
    at eval (/Applications/Cocos/Creator/3.8.7/CocosCreator.app/Contents/Resources/resources/3d/engine/bin/.cache/dev/editor/bundled/index.js:271291:18)
    at Object.execute (file:///Users/mike/Documents/self/game-2d-demo/temp/programming/packer-driver/targets/editor/chunks/72/72f1484ba128ae5ba39962082deca2ce26546d61.js:30:154)
    at doExec (/Applications/Cocos/Creator/3.8.7/CocosCreator.app/Contents/Resources/app.asar/node_modules/@editor/lib-programming/static/executor/systemjs-bridge/out/index.js:517:30)
    at postOrderExec (/Applications/Cocos/Creator/3.8.7/CocosCreator.app/Contents/Resources/app.asar/node_modules/@editor/lib-programming/static/executor/systemjs-bridge/out/index.js:508:21)
    at /Applications/Cocos/Creator/3.8.7/CocosCreator.app/Contents/Resources/app.asar/node_modules/@editor/lib-programming/static/executor/systemjs-bridge/out/index.js:440:12
    at file:///Users/mike/Documents/self/game-2d-demo/temp/programming/packer-driver/targets/editor/chunks/6d/cce:/internal/x/prerequisite-imports:8:13
    at Object.execute (file:///Users/mike/Documents/self/game-2d-demo/temp/programming/packer-driver/targets/editor/chunks/6d/cce:/internal/x/prerequisite-imports:4:1)
    at Executor._importPrerequisiteModules (/Applications/Cocos/Creator/3.8.7/CocosCreator.app/Contents/Resources/app.asar/node_modules/@editor/lib-programming/src/executor/index.ts:358:13)
    at Executor.reload (/Applications/Cocos/Creator/3.8.7/CocosCreator.app/Contents/Resources/app.asar/node_modules/@editor/lib-programming/src/executor/index.ts:235:13)
    at /Applications/Cocos/Creator/3.8.7/CocosCreator.app/Contents/Resources/app.asar/builtin/scene/dist/script/3d/manager/scripts.ccc:1:1893
    at GlobalEnv.processQueue (/Applications/Cocos/Creator/3.8.7/CocosCreator.app/Contents/Resources/app.asar/builtin/scene/dist/script/3d/manager/scripts.ccc:1:2290)
    at GlobalEnv.record (/Applications/Cocos/Creator/3.8.7/CocosCreator.app/Contents/Resources/app.asar/builtin/scene/dist/script/3d/manager/scripts.ccc:1:2061)
10-17-2025 18:17:24 - error: [Scene] {hidden(::SceneExecutorImportExceptionHandler::)} TypeError: Object.defineProperty called on non-object
    at Function.defineProperty (<anonymous>)
    at Module.eval [as value] (/Applications/Cocos/Creator/3.8.7/CocosCreator.app/Contents/Resources/resources/3d/engine/bin/.cache/dev/editor/bundled/index.js:172015:18)
    at doDefine (/Applications/Cocos/Creator/3.8.7/CocosCreator.app/Contents/Resources/resources/3d/engine/bin/.cache/dev/editor/bundled/index.js:141072:8)
    at define (/Applications/Cocos/Creator/3.8.7/CocosCreator.app/Contents/Resources/resources/3d/engine/bin/.cache/dev/editor/bundled/index.js:141094:17)
    at Object.Class (/Applications/Cocos/Creator/3.8.7/CocosCreator.app/Contents/Resources/resources/3d/engine/bin/.cache/dev/editor/bundled/index.js:141194:17)
    at factory (file:///Users/mike/Documents/self/game-2d-demo/temp/programming/packer-driver/targets/editor/chunks/55/file:/Users/mike/Documents/self/game-2d-demo/assets/scripts/managers/GameManager.js:8:5)
    at CjsLoader._load (file:///Users/mike/Documents/self/game-2d-demo/temp/programming/packer-driver/targets/editor/chunks/a0/cce:/internal/ml/cjs-loader.mjs:78:9)
    at CjsLoader._tryModuleLoad (file:///Users/mike/Documents/self/game-2d-demo/temp/programming/packer-driver/targets/editor/chunks/a0/cce:/internal/ml/cjs-loader.mjs:63:18)
    at CjsLoader._require (file:///Users/mike/Documents/self/game-2d-demo/temp/programming/packer-driver/targets/editor/chunks/a0/cce:/internal/ml/cjs-loader.mjs:42:14)
    at CjsLoader.require (file:///Users/mike/Documents/self/game-2d-demo/temp/programming/packer-driver/targets/editor/chunks/a0/cce:/internal/ml/cjs-loader.mjs:27:21)
    at Object.execute (file:///Users/mike/Documents/self/game-2d-demo/temp/programming/packer-driver/targets/editor/chunks/ae/file:/Users/mike/Documents/self/game-2d-demo/assets/scripts/managers/GameManager.mjs?cjs=&original=.js:7:8)
    at doExec (/Applications/Cocos/Creator/3.8.7/CocosCreator.app/Contents/Resources/app.asar/node_modules/@editor/lib-programming/static/executor/systemjs-bridge/out/index.js:517:30)
    at postOrderExec (/Applications/Cocos/Creator/3.8.7/CocosCreator.app/Contents/Resources/app.asar/node_modules/@editor/lib-programming/static/executor/systemjs-bridge/out/index.js:508:21)
    at /Applications/Cocos/Creator/3.8.7/CocosCreator.app/Contents/Resources/app.asar/node_modules/@editor/lib-programming/static/executor/systemjs-bridge/out/index.js:440:12
    at file:///Users/mike/Documents/self/game-2d-demo/temp/programming/packer-driver/targets/editor/chunks/6d/cce:/internal/x/prerequisite-imports:8:13
    at Object.execute (file:///Users/mike/Documents/self/game-2d-demo/temp/programming/packer-driver/targets/editor/chunks/6d/cce:/internal/x/prerequisite-imports:4:1)
    at Executor._importPrerequisiteModules (/Applications/Cocos/Creator/3.8.7/CocosCreator.app/Contents/Resources/app.asar/node_modules/@editor/lib-programming/src/executor/index.ts:358:13)
    at Executor.reload (/Applications/Cocos/Creator/3.8.7/CocosCreator.app/Contents/Resources/app.asar/node_modules/@editor/lib-programming/src/executor/index.ts:235:13)
    at /Applications/Cocos/Creator/3.8.7/CocosCreator.app/Contents/Resources/app.asar/builtin/scene/dist/script/3d/manager/scripts.ccc:1:1893
    at GlobalEnv.processQueue (/Applications/Cocos/Creator/3.8.7/CocosCreator.app/Contents/Resources/app.asar/builtin/scene/dist/script/3d/manager/scripts.ccc:1:2290)
    at GlobalEnv.record (/Applications/Cocos/Creator/3.8.7/CocosCreator.app/Contents/Resources/app.asar/builtin/scene/dist/script/3d/manager/scripts.ccc:1:2061)Error: [Scene] {hidden(::SceneExecutorImportExceptionHandler::)} TypeError: Object.defineProperty called on non-object
    at define (/Applications/Cocos/Creator/3.8.7/CocosCreator.app/Contents/Resources/resources/3d/engine/bin/.cache/dev/editor/bundled/index.js:141094:17)
    at Object.Class (/Applications/Cocos/Creator/3.8.7/CocosCreator.app/Contents/Resources/resources/3d/engine/bin/.cache/dev/editor/bundled/index.js:141194:17)
    at factory (file:///Users/mike/Documents/self/game-2d-demo/temp/programming/packer-driver/targets/editor/chunks/55/file:/Users/mike/Documents/self/game-2d-demo/assets/scripts/managers/GameManager.js:8:5)
    at CjsLoader._load (file:///Users/mike/Documents/self/game-2d-demo/temp/programming/packer-driver/targets/editor/chunks/a0/cce:/internal/ml/cjs-loader.mjs:78:9)
    at CjsLoader._tryModuleLoad (file:///Users/mike/Documents/self/game-2d-demo/temp/programming/packer-driver/targets/editor/chunks/a0/cce:/internal/ml/cjs-loader.mjs:63:18)
    at CjsLoader._require (file:///Users/mike/Documents/self/game-2d-demo/temp/programming/packer-driver/targets/editor/chunks/a0/cce:/internal/ml/cjs-loader.mjs:42:14)
    at CjsLoader.require (file:///Users/mike/Documents/self/game-2d-demo/temp/programming/packer-driver/targets/editor/chunks/a0/cce:/internal/ml/cjs-loader.mjs:27:21)
    at Object.execute (file:///Users/mike/Documents/self/game-2d-demo/temp/programming/packer-driver/targets/editor/chunks/ae/file:/Users/mike/Documents/self/game-2d-demo/assets/scripts/managers/GameManager.mjs?cjs=&original=.js:7:8)
    at doExec (/Applications/Cocos/Creator/3.8.7/CocosCreator.app/Contents/Resources/app.asar/node_modules/@editor/lib-programming/static/executor/systemjs-bridge/out/index.js:517:30)
    at postOrderExec (/Applications/Cocos/Creator/3.8.7/CocosCreator.app/Contents/Resources/app.asar/node_modules/@editor/lib-programming/static/executor/systemjs-bridge/out/index.js:508:21)
    at /Applications/Cocos/Creator/3.8.7/CocosCreator.app/Contents/Resources/app.asar/node_modules/@editor/lib-programming/static/executor/systemjs-bridge/out/index.js:440:12
    at file:///Users/mike/Documents/self/game-2d-demo/temp/programming/packer-driver/targets/editor/chunks/6d/cce:/internal/x/prerequisite-imports:8:13
    at Object.execute (file:///Users/mike/Documents/self/game-2d-demo/temp/programming/packer-driver/targets/editor/chunks/6d/cce:/internal/x/prerequisite-imports:4:1)
    at Executor._importPrerequisiteModules (/Applications/Cocos/Creator/3.8.7/CocosCreator.app/Contents/Resources/app.asar/node_modules/@editor/lib-programming/src/executor/index.ts:358:13)
    at Executor.reload (/Applications/Cocos/Creator/3.8.7/CocosCreator.app/Contents/Resources/app.asar/node_modules/@editor/lib-programming/src/executor/index.ts:235:13)
    at /Applications/Cocos/Creator/3.8.7/CocosCreator.app/Contents/Resources/app.asar/builtin/scene/dist/script/3d/manager/scripts.ccc:1:1893
    at GlobalEnv.processQueue (/Applications/Cocos/Creator/3.8.7/CocosCreator.app/Contents/Resources/app.asar/builtin/scene/dist/script/3d/manager/scripts.ccc:1:2290)
    at GlobalEnv.record (/Applications/Cocos/Creator/3.8.7/CocosCreator.app/Contents/Resources/app.asar/builtin/scene/dist/script/3d/manager/scripts.ccc:1:2061)
    at Logger._logHandler (/Applications/Cocos/Creator/3.8.7/CocosCreator.app/Contents/Resources/app.asar/builtin/scene/dist/script/3d/manager/startup/log.ccc:1:487)
    at Logger.record (/Applications/Cocos/Creator/3.8.7/CocosCreator.app/Contents/Resources/app.asar/node_modules/@base/electron-logger/lib/renderer.ccc:1:458)
    at console.<anonymous> (/Applications/Cocos/Creator/3.8.7/CocosCreator.app/Contents/Resources/app.asar/node_modules/@base/electron-logger/lib/renderer.ccc:1:1414)
    at console.error (/Applications/Cocos/Creator/3.8.7/CocosCreator.app/Contents/Resources/app.asar/node_modules/@sentry/core/src/utils-hoist/instrument/console.ts:40:14)
    at ScriptManager._handleImportException (/Applications/Cocos/Creator/3.8.7/CocosCreator.app/Contents/Resources/app.asar/builtin/scene/dist/script/3d/manager/scripts.ccc:1:5678)
    at Executor.importExceptionHandler [as _importExceptionHandler] (/Applications/Cocos/Creator/3.8.7/CocosCreator.app/Contents/Resources/app.asar/builtin/scene/dist/script/3d/manager/scripts.ccc:1:3834)
    at Executor._onModuleLoaded (/Applications/Cocos/Creator/3.8.7/CocosCreator.app/Contents/Resources/app.asar/node_modules/@editor/lib-programming/src/executor/index.ts:401:22)
    at SystemJS.onload (/Applications/Cocos/Creator/3.8.7/CocosCreator.app/Contents/Resources/app.asar/node_modules/@editor/lib-programming/src/executor/index.ts:99:18)
    at triggerOnload (/Applications/Cocos/Creator/3.8.7/CocosCreator.app/Contents/Resources/app.asar/node_modules/@editor/lib-programming/static/executor/systemjs-bridge/out/index.js:270:10)
    at doExec (/Applications/Cocos/Creator/3.8.7/CocosCreator.app/Contents/Resources/app.asar/node_modules/@editor/lib-programming/static/executor/systemjs-bridge/out/index.js:538:7)
    at postOrderExec (/Applications/Cocos/Creator/3.8.7/CocosCreator.app/Contents/Resources/app.asar/node_modules/@editor/lib-programming/static/executor/systemjs-bridge/out/index.js:508:21)
    at /Applications/Cocos/Creator/3.8.7/CocosCreator.app/Contents/Resources/app.asar/node_modules/@editor/lib-programming/static/executor/systemjs-bridge/out/index.js:440:12
    at file:///Users/mike/Documents/self/game-2d-demo/temp/programming/packer-driver/targets/editor/chunks/6d/cce:/internal/x/prerequisite-imports:8:13
    at Object.execute (file:///Users/mike/Documents/self/game-2d-demo/temp/programming/packer-driver/targets/editor/chunks/6d/cce:/internal/x/prerequisite-imports:4:1)
    at Executor._importPrerequisiteModules (/Applications/Cocos/Creator/3.8.7/CocosCreator.app/Contents/Resources/app.asar/node_modules/@editor/lib-programming/src/executor/index.ts:358:13)
    at Executor.reload (/Applications/Cocos/Creator/3.8.7/CocosCreator.app/Contents/Resources/app.asar/node_modules/@editor/lib-programming/src/executor/index.ts:235:13)
    at /Applications/Cocos/Creator/3.8.7/CocosCreator.app/Contents/Resources/app.asar/builtin/scene/dist/script/3d/manager/scripts.ccc:1:1893
    at GlobalEnv.processQueue (/Applications/Cocos/Creator/3.8.7/CocosCreator.app/Contents/Resources/app.asar/builtin/scene/dist/script/3d/manager/scripts.ccc:1:2290)
    at GlobalEnv.record (/Applications/Cocos/Creator/3.8.7/CocosCreator.app/Contents/Resources/app.asar/builtin/scene/dist/script/3d/manager/scripts.ccc:1:2061)
10-17-2025 18:17:24 - error: [Scene] {hidden(::SceneExecutorImportExceptionHandler::)} TypeError: Object.defineProperty called on non-object
    at Function.defineProperty (<anonymous>)
    at Module.eval [as value] (/Applications/Cocos/Creator/3.8.7/CocosCreator.app/Contents/Resources/resources/3d/engine/bin/.cache/dev/editor/bundled/index.js:172015:18)
    at doDefine (/Applications/Cocos/Creator/3.8.7/CocosCreator.app/Contents/Resources/resources/3d/engine/bin/.cache/dev/editor/bundled/index.js:141072:8)
    at define (/Applications/Cocos/Creator/3.8.7/CocosCreator.app/Contents/Resources/resources/3d/engine/bin/.cache/dev/editor/bundled/index.js:141094:17)
    at Object.Class (/Applications/Cocos/Creator/3.8.7/CocosCreator.app/Contents/Resources/resources/3d/engine/bin/.cache/dev/editor/bundled/index.js:141194:17)
    at factory (file:///Users/mike/Documents/self/game-2d-demo/temp/programming/packer-driver/targets/editor/chunks/a3/file:/Users/mike/Documents/self/game-2d-demo/assets/scripts/managers/InputManager.js:8:5)
    at CjsLoader._load (file:///Users/mike/Documents/self/game-2d-demo/temp/programming/packer-driver/targets/editor/chunks/a0/cce:/internal/ml/cjs-loader.mjs:78:9)
    at CjsLoader._tryModuleLoad (file:///Users/mike/Documents/self/game-2d-demo/temp/programming/packer-driver/targets/editor/chunks/a0/cce:/internal/ml/cjs-loader.mjs:63:18)
    at CjsLoader._require (file:///Users/mike/Documents/self/game-2d-demo/temp/programming/packer-driver/targets/editor/chunks/a0/cce:/internal/ml/cjs-loader.mjs:42:14)
    at CjsLoader.require (file:///Users/mike/Documents/self/game-2d-demo/temp/programming/packer-driver/targets/editor/chunks/a0/cce:/internal/ml/cjs-loader.mjs:27:21)
    at Object.execute (file:///Users/mike/Documents/self/game-2d-demo/temp/programming/packer-driver/targets/editor/chunks/04/file:/Users/mike/Documents/self/game-2d-demo/assets/scripts/managers/InputManager.mjs?cjs=&original=.js:7:8)
    at doExec (/Applications/Cocos/Creator/3.8.7/CocosCreator.app/Contents/Resources/app.asar/node_modules/@editor/lib-programming/static/executor/systemjs-bridge/out/index.js:517:30)
    at postOrderExec (/Applications/Cocos/Creator/3.8.7/CocosCreator.app/Contents/Resources/app.asar/node_modules/@editor/lib-programming/static/executor/systemjs-bridge/out/index.js:508:21)
    at /Applications/Cocos/Creator/3.8.7/CocosCreator.app/Contents/Resources/app.asar/node_modules/@editor/lib-programming/static/executor/systemjs-bridge/out/index.js:440:12
    at file:///Users/mike/Documents/self/game-2d-demo/temp/programming/packer-driver/targets/editor/chunks/6d/cce:/internal/x/prerequisite-imports:8:13
    at Object.execute (file:///Users/mike/Documents/self/game-2d-demo/temp/programming/packer-driver/targets/editor/chunks/6d/cce:/internal/x/prerequisite-imports:4:1)
    at Executor._importPrerequisiteModules (/Applications/Cocos/Creator/3.8.7/CocosCreator.app/Contents/Resources/app.asar/node_modules/@editor/lib-programming/src/executor/index.ts:358:13)
    at Executor.reload (/Applications/Cocos/Creator/3.8.7/CocosCreator.app/Contents/Resources/app.asar/node_modules/@editor/lib-programming/src/executor/index.ts:235:13)
    at /Applications/Cocos/Creator/3.8.7/CocosCreator.app/Contents/Resources/app.asar/builtin/scene/dist/script/3d/manager/scripts.ccc:1:1893
    at GlobalEnv.processQueue (/Applications/Cocos/Creator/3.8.7/CocosCreator.app/Contents/Resources/app.asar/builtin/scene/dist/script/3d/manager/scripts.ccc:1:2290)
    at GlobalEnv.record (/Applications/Cocos/Creator/3.8.7/CocosCreator.app/Contents/Resources/app.asar/builtin/scene/dist/script/3d/manager/scripts.ccc:1:2061)Error: [Scene] {hidden(::SceneExecutorImportExceptionHandler::)} TypeError: Object.defineProperty called on non-object
    at define (/Applications/Cocos/Creator/3.8.7/CocosCreator.app/Contents/Resources/resources/3d/engine/bin/.cache/dev/editor/bundled/index.js:141094:17)
    at Object.Class (/Applications/Cocos/Creator/3.8.7/CocosCreator.app/Contents/Resources/resources/3d/engine/bin/.cache/dev/editor/bundled/index.js:141194:17)
    at factory (file:///Users/mike/Documents/self/game-2d-demo/temp/programming/packer-driver/targets/editor/chunks/a3/file:/Users/mike/Documents/self/game-2d-demo/assets/scripts/managers/InputManager.js:8:5)
    at CjsLoader._load (file:///Users/mike/Documents/self/game-2d-demo/temp/programming/packer-driver/targets/editor/chunks/a0/cce:/internal/ml/cjs-loader.mjs:78:9)
    at CjsLoader._tryModuleLoad (file:///Users/mike/Documents/self/game-2d-demo/temp/programming/packer-driver/targets/editor/chunks/a0/cce:/internal/ml/cjs-loader.mjs:63:18)
    at CjsLoader._require (file:///Users/mike/Documents/self/game-2d-demo/temp/programming/packer-driver/targets/editor/chunks/a0/cce:/internal/ml/cjs-loader.mjs:42:14)
    at CjsLoader.require (file:///Users/mike/Documents/self/game-2d-demo/temp/programming/packer-driver/targets/editor/chunks/a0/cce:/internal/ml/cjs-loader.mjs:27:21)
    at Object.execute (file:///Users/mike/Documents/self/game-2d-demo/temp/programming/packer-driver/targets/editor/chunks/04/file:/Users/mike/Documents/self/game-2d-demo/assets/scripts/managers/InputManager.mjs?cjs=&original=.js:7:8)
    at doExec (/Applications/Cocos/Creator/3.8.7/CocosCreator.app/Contents/Resources/app.asar/node_modules/@editor/lib-programming/static/executor/systemjs-bridge/out/index.js:517:30)
    at postOrderExec (/Applications/Cocos/Creator/3.8.7/CocosCreator.app/Contents/Resources/app.asar/node_modules/@editor/lib-programming/static/executor/systemjs-bridge/out/index.js:508:21)
    at /Applications/Cocos/Creator/3.8.7/CocosCreator.app/Contents/Resources/app.asar/node_modules/@editor/lib-programming/static/executor/systemjs-bridge/out/index.js:440:12
    at file:///Users/mike/Documents/self/game-2d-demo/temp/programming/packer-driver/targets/editor/chunks/6d/cce:/internal/x/prerequisite-imports:8:13
    at Object.execute (file:///Users/mike/Documents/self/game-2d-demo/temp/programming/packer-driver/targets/editor/chunks/6d/cce:/internal/x/prerequisite-imports:4:1)
    at Executor._importPrerequisiteModules (/Applications/Cocos/Creator/3.8.7/CocosCreator.app/Contents/Resources/app.asar/node_modules/@editor/lib-programming/src/executor/index.ts:358:13)
    at Executor.reload (/Applications/Cocos/Creator/3.8.7/CocosCreator.app/Contents/Resources/app.asar/node_modules/@editor/lib-programming/src/executor/index.ts:235:13)
    at /Applications/Cocos/Creator/3.8.7/CocosCreator.app/Contents/Resources/app.asar/builtin/scene/dist/script/3d/manager/scripts.ccc:1:1893
    at GlobalEnv.processQueue (/Applications/Cocos/Creator/3.8.7/CocosCreator.app/Contents/Resources/app.asar/builtin/scene/dist/script/3d/manager/scripts.ccc:1:2290)
    at GlobalEnv.record (/Applications/Cocos/Creator/3.8.7/CocosCreator.app/Contents/Resources/app.asar/builtin/scene/dist/script/3d/manager/scripts.ccc:1:2061)
    at Logger._logHandler (/Applications/Cocos/Creator/3.8.7/CocosCreator.app/Contents/Resources/app.asar/builtin/scene/dist/script/3d/manager/startup/log.ccc:1:487)
    at Logger.record (/Applications/Cocos/Creator/3.8.7/CocosCreator.app/Contents/Resources/app.asar/node_modules/@base/electron-logger/lib/renderer.ccc:1:458)
    at console.<anonymous> (/Applications/Cocos/Creator/3.8.7/CocosCreator.app/Contents/Resources/app.asar/node_modules/@base/electron-logger/lib/renderer.ccc:1:1414)
    at console.error (/Applications/Cocos/Creator/3.8.7/CocosCreator.app/Contents/Resources/app.asar/node_modules/@sentry/core/src/utils-hoist/instrument/console.ts:40:14)
    at ScriptManager._handleImportException (/Applications/Cocos/Creator/3.8.7/CocosCreator.app/Contents/Resources/app.asar/builtin/scene/dist/script/3d/manager/scripts.ccc:1:5678)
    at Executor.importExceptionHandler [as _importExceptionHandler] (/Applications/Cocos/Creator/3.8.7/CocosCreator.app/Contents/Resources/app.asar/builtin/scene/dist/script/3d/manager/scripts.ccc:1:3834)
    at Executor._onModuleLoaded (/Applications/Cocos/Creator/3.8.7/CocosCreator.app/Contents/Resources/app.asar/node_modules/@editor/lib-programming/src/executor/index.ts:401:22)
    at SystemJS.onload (/Applications/Cocos/Creator/3.8.7/CocosCreator.app/Contents/Resources/app.asar/node_modules/@editor/lib-programming/src/executor/index.ts:99:18)
    at triggerOnload (/Applications/Cocos/Creator/3.8.7/CocosCreator.app/Contents/Resources/app.asar/node_modules/@editor/lib-programming/static/executor/systemjs-bridge/out/index.js:270:10)
    at doExec (/Applications/Cocos/Creator/3.8.7/CocosCreator.app/Contents/Resources/app.asar/node_modules/@editor/lib-programming/static/executor/systemjs-bridge/out/index.js:538:7)
    at postOrderExec (/Applications/Cocos/Creator/3.8.7/CocosCreator.app/Contents/Resources/app.asar/node_modules/@editor/lib-programming/static/executor/systemjs-bridge/out/index.js:508:21)
    at /Applications/Cocos/Creator/3.8.7/CocosCreator.app/Contents/Resources/app.asar/node_modules/@editor/lib-programming/static/executor/systemjs-bridge/out/index.js:440:12
    at file:///Users/mike/Documents/self/game-2d-demo/temp/programming/packer-driver/targets/editor/chunks/6d/cce:/internal/x/prerequisite-imports:8:13
    at Object.execute (file:///Users/mike/Documents/self/game-2d-demo/temp/programming/packer-driver/targets/editor/chunks/6d/cce:/internal/x/prerequisite-imports:4:1)
    at Executor._importPrerequisiteModules (/Applications/Cocos/Creator/3.8.7/CocosCreator.app/Contents/Resources/app.asar/node_modules/@editor/lib-programming/src/executor/index.ts:358:13)
    at Executor.reload (/Applications/Cocos/Creator/3.8.7/CocosCreator.app/Contents/Resources/app.asar/node_modules/@editor/lib-programming/src/executor/index.ts:235:13)
    at /Applications/Cocos/Creator/3.8.7/CocosCreator.app/Contents/Resources/app.asar/builtin/scene/dist/script/3d/manager/scripts.ccc:1:1893
    at GlobalEnv.processQueue (/Applications/Cocos/Creator/3.8.7/CocosCreator.app/Contents/Resources/app.asar/builtin/scene/dist/script/3d/manager/scripts.ccc:1:2290)
    at GlobalEnv.record (/Applications/Cocos/Creator/3.8.7/CocosCreator.app/Contents/Resources/app.asar/builtin/scene/dist/script/3d/manager/scripts.ccc:1:2061)
