15:20:08.444 debug: 2025/10/17 下午3:20:08
15:20:08.444 debug: Project: /Users/mike/Documents/self/game-2d-demo
15:20:08.444 debug: Targets: editor,preview
15:20:08.446 debug: Incremental file seems great.
15:20:08.446 debug: Engine path: /Applications/Cocos/Creator/3.8.7/CocosCreator.app/Contents/Resources/resources/3d/engine
15:20:08.450 debug: Initializing target [Editor]
15:20:08.450 debug: Loading cache
15:20:08.451 debug: Loading cache costs 0.4922910000000229ms.
15:20:08.451 debug: Engine features shipped in editor: base,gfx-webgl,gfx-webgl2,gfx-empty,gfx-webgpu,3d,animation,skeletal-animation,2d,rich-text,mask,graphics,ui-skew,ui,affine-transform,sorting-2d,particle,particle-2d,physics-framework,physics-cannon,physics-physx,physics-ammo,physics-builtin,physics-2d-framework,physics-2d-box2d-jsb,physics-2d-box2d,physics-2d-builtin,physics-2d-box2d-wasm,intersection-2d,primitive,profiler,occlusion-query,geometry-renderer,debug-renderer,audio,video,xr,light-probe,terrain,webview,tween,tiled-map,vendor-google,spine-3.8,spine-4.2,dragon-bones,marionette,procedural-animation,custom-pipeline,custom-pipeline-builtin-scripts,custom-pipeline-post-process,legacy-pipeline,websocket,websocket-server,meshopt
15:20:08.451 debug: Our import map(foo:/bar): {
  "imports": {
    "cc": "cce:/internal/x/cc"
  }
}
15:20:08.451 debug: Initializing target [Preview]
15:20:08.451 debug: Loading cache
15:20:08.452 debug: Loading cache costs 0.3865409999998519ms.
15:20:08.452 debug: Our import map(foo:/bar): {
  "imports": {
    "cc": "cce:/internal/x/cc"
  }
}
15:20:08.472 debug: Sync engine features: 2d,3d,affine-transform,animation,audio,base,custom-pipeline,dragon-bones,gfx-webgl,graphics,intersection-2d,light-probe,marionette,mask,particle,particle-2d,physics-2d-box2d,physics-ammo,primitive,profiler,rich-text,skeletal-animation,spine-3.8,terrain,tiled-map,tween,ui,ui-skew,video,websocket,webview
15:20:08.474 debug: Reset databases. Enumerated domains: [
  {
    "root": "db://internal/",
    "physical": "/Applications/Cocos/Creator/3.8.7/CocosCreator.app/Contents/Resources/resources/3d/engine/editor/assets"
  },
  {
    "root": "db://assets/",
    "physical": "/Users/mike/Documents/self/game-2d-demo/assets"
  }
]
15:20:08.474 debug: Our import map(foo:/bar): {
  "imports": {
    "cc": "cce:/internal/x/cc",
    "db://internal/": "file:///Applications/Cocos/Creator/3.8.7/CocosCreator.app/Contents/Resources/resources/3d/engine/editor/assets/",
    "db://assets/": "file:///Users/mike/Documents/self/game-2d-demo/assets/"
  }
}
15:20:08.474 debug: Our import map(foo:/bar): {
  "imports": {
    "cc": "cce:/internal/x/cc",
    "db://internal/": "file:///Applications/Cocos/Creator/3.8.7/CocosCreator.app/Contents/Resources/resources/3d/engine/editor/assets/",
    "db://assets/": "file:///Users/mike/Documents/self/game-2d-demo/assets/"
  }
}
15:20:08.474 debug: Pulling asset-db.
15:20:08.475 debug: Fetch asset-db cost: 1.3838339999997515ms.
15:20:08.476 debug: Build iteration starts.
Number of accumulated asset changes: 0
Feature changed: false
15:20:08.476 debug: Target(editor) build started.
15:20:08.477 debug: Detected change: cce:/internal/x/cc. Last mtime: Thu Jan 01 1970 08:00:02 GMT+0800 (台北標準時間), Current mtime: Thu Jan 01 1970 08:00:02 GMT+0800 (台北標準時間)
15:20:08.477 debug: Inspect cce:/internal/x/cc
15:20:08.494 debug: transform url: 'cce:/internal/x/cc' costs: 16.30 ms
15:20:08.494 debug: Resolve cce:/internal/x/cc-fu/base from cce:/internal/x/cc as external dependency cce:/internal/x/cc-fu/base.
15:20:08.494 debug: Resolve cce:/internal/x/cc-fu/gfx-webgl from cce:/internal/x/cc as external dependency cce:/internal/x/cc-fu/gfx-webgl.
15:20:08.494 debug: Resolve cce:/internal/x/cc-fu/gfx-webgl2 from cce:/internal/x/cc as external dependency cce:/internal/x/cc-fu/gfx-webgl2.
15:20:08.494 debug: Resolve cce:/internal/x/cc-fu/gfx-empty from cce:/internal/x/cc as external dependency cce:/internal/x/cc-fu/gfx-empty.
15:20:08.494 debug: Resolve cce:/internal/x/cc-fu/gfx-webgpu from cce:/internal/x/cc as external dependency cce:/internal/x/cc-fu/gfx-webgpu.
15:20:08.494 debug: Resolve cce:/internal/x/cc-fu/3d from cce:/internal/x/cc as external dependency cce:/internal/x/cc-fu/3d.
15:20:08.494 debug: Resolve cce:/internal/x/cc-fu/animation from cce:/internal/x/cc as external dependency cce:/internal/x/cc-fu/animation.
15:20:08.494 debug: Resolve cce:/internal/x/cc-fu/skeletal-animation from cce:/internal/x/cc as external dependency cce:/internal/x/cc-fu/skeletal-animation.
15:20:08.494 debug: Resolve cce:/internal/x/cc-fu/2d from cce:/internal/x/cc as external dependency cce:/internal/x/cc-fu/2d.
15:20:08.494 debug: Resolve cce:/internal/x/cc-fu/sorting from cce:/internal/x/cc as external dependency cce:/internal/x/cc-fu/sorting.
15:20:08.494 debug: Resolve cce:/internal/x/cc-fu/rich-text from cce:/internal/x/cc as external dependency cce:/internal/x/cc-fu/rich-text.
15:20:08.494 debug: Resolve cce:/internal/x/cc-fu/mask from cce:/internal/x/cc as external dependency cce:/internal/x/cc-fu/mask.
15:20:08.494 debug: Resolve cce:/internal/x/cc-fu/graphics from cce:/internal/x/cc as external dependency cce:/internal/x/cc-fu/graphics.
15:20:08.494 debug: Resolve cce:/internal/x/cc-fu/ui-skew from cce:/internal/x/cc as external dependency cce:/internal/x/cc-fu/ui-skew.
15:20:08.494 debug: Resolve cce:/internal/x/cc-fu/ui from cce:/internal/x/cc as external dependency cce:/internal/x/cc-fu/ui.
15:20:08.494 debug: Resolve cce:/internal/x/cc-fu/affine-transform from cce:/internal/x/cc as external dependency cce:/internal/x/cc-fu/affine-transform.
15:20:08.494 debug: Resolve cce:/internal/x/cc-fu/sorting-2d from cce:/internal/x/cc as external dependency cce:/internal/x/cc-fu/sorting-2d.
15:20:08.494 debug: Resolve cce:/internal/x/cc-fu/particle from cce:/internal/x/cc as external dependency cce:/internal/x/cc-fu/particle.
15:20:08.494 debug: Resolve cce:/internal/x/cc-fu/particle-2d from cce:/internal/x/cc as external dependency cce:/internal/x/cc-fu/particle-2d.
15:20:08.494 debug: Resolve cce:/internal/x/cc-fu/physics-framework from cce:/internal/x/cc as external dependency cce:/internal/x/cc-fu/physics-framework.
15:20:08.494 debug: Resolve cce:/internal/x/cc-fu/physics-cannon from cce:/internal/x/cc as external dependency cce:/internal/x/cc-fu/physics-cannon.
15:20:08.494 debug: Resolve cce:/internal/x/cc-fu/physics-physx from cce:/internal/x/cc as external dependency cce:/internal/x/cc-fu/physics-physx.
15:20:08.494 debug: Resolve cce:/internal/x/cc-fu/physics-ammo from cce:/internal/x/cc as external dependency cce:/internal/x/cc-fu/physics-ammo.
15:20:08.494 debug: Resolve cce:/internal/x/cc-fu/physics-builtin from cce:/internal/x/cc as external dependency cce:/internal/x/cc-fu/physics-builtin.
15:20:08.494 debug: Resolve cce:/internal/x/cc-fu/physics-2d-framework from cce:/internal/x/cc as external dependency cce:/internal/x/cc-fu/physics-2d-framework.
15:20:08.495 debug: Resolve cce:/internal/x/cc-fu/physics-2d-box2d-jsb from cce:/internal/x/cc as external dependency cce:/internal/x/cc-fu/physics-2d-box2d-jsb.
15:20:08.495 debug: Resolve cce:/internal/x/cc-fu/physics-2d-box2d from cce:/internal/x/cc as external dependency cce:/internal/x/cc-fu/physics-2d-box2d.
15:20:08.495 debug: Resolve cce:/internal/x/cc-fu/physics-2d-builtin from cce:/internal/x/cc as external dependency cce:/internal/x/cc-fu/physics-2d-builtin.
15:20:08.495 debug: Resolve cce:/internal/x/cc-fu/physics-2d-box2d-wasm from cce:/internal/x/cc as external dependency cce:/internal/x/cc-fu/physics-2d-box2d-wasm.
15:20:08.495 debug: Resolve cce:/internal/x/cc-fu/intersection-2d from cce:/internal/x/cc as external dependency cce:/internal/x/cc-fu/intersection-2d.
15:20:08.495 debug: Resolve cce:/internal/x/cc-fu/primitive from cce:/internal/x/cc as external dependency cce:/internal/x/cc-fu/primitive.
15:20:08.495 debug: Resolve cce:/internal/x/cc-fu/profiler from cce:/internal/x/cc as external dependency cce:/internal/x/cc-fu/profiler.
15:20:08.495 debug: Resolve cce:/internal/x/cc-fu/geometry-renderer from cce:/internal/x/cc as external dependency cce:/internal/x/cc-fu/geometry-renderer.
15:20:08.495 debug: Resolve cce:/internal/x/cc-fu/audio from cce:/internal/x/cc as external dependency cce:/internal/x/cc-fu/audio.
15:20:08.495 debug: Resolve cce:/internal/x/cc-fu/video from cce:/internal/x/cc as external dependency cce:/internal/x/cc-fu/video.
15:20:08.495 debug: Resolve cce:/internal/x/cc-fu/xr from cce:/internal/x/cc as external dependency cce:/internal/x/cc-fu/xr.
15:20:08.495 debug: Resolve cce:/internal/x/cc-fu/light-probe from cce:/internal/x/cc as external dependency cce:/internal/x/cc-fu/light-probe.
15:20:08.495 debug: Resolve cce:/internal/x/cc-fu/terrain from cce:/internal/x/cc as external dependency cce:/internal/x/cc-fu/terrain.
15:20:08.495 debug: Resolve cce:/internal/x/cc-fu/webview from cce:/internal/x/cc as external dependency cce:/internal/x/cc-fu/webview.
15:20:08.495 debug: Resolve cce:/internal/x/cc-fu/tween from cce:/internal/x/cc as external dependency cce:/internal/x/cc-fu/tween.
15:20:08.495 debug: Resolve cce:/internal/x/cc-fu/tiled-map from cce:/internal/x/cc as external dependency cce:/internal/x/cc-fu/tiled-map.
15:20:08.495 debug: Resolve cce:/internal/x/cc-fu/vendor-google from cce:/internal/x/cc as external dependency cce:/internal/x/cc-fu/vendor-google.
15:20:08.495 debug: Resolve cce:/internal/x/cc-fu/spine from cce:/internal/x/cc as external dependency cce:/internal/x/cc-fu/spine.
15:20:08.495 debug: Resolve cce:/internal/x/cc-fu/dragon-bones from cce:/internal/x/cc as external dependency cce:/internal/x/cc-fu/dragon-bones.
15:20:08.495 debug: Resolve cce:/internal/x/cc-fu/custom-pipeline from cce:/internal/x/cc as external dependency cce:/internal/x/cc-fu/custom-pipeline.
15:20:08.495 debug: Resolve cce:/internal/x/cc-fu/custom-pipeline-post-process from cce:/internal/x/cc as external dependency cce:/internal/x/cc-fu/custom-pipeline-post-process.
15:20:08.495 debug: Resolve cce:/internal/x/cc-fu/legacy-pipeline from cce:/internal/x/cc as external dependency cce:/internal/x/cc-fu/legacy-pipeline.
15:20:08.495 debug: Detected change: cce:/internal/x/prerequisite-imports. Last mtime: Thu Jan 01 1970 08:21:33 GMT+0800 (台北標準時間), Current mtime: Thu Jan 01 1970 08:00:02 GMT+0800 (台北標準時間)
15:20:08.495 debug: Inspect cce:/internal/x/prerequisite-imports
15:20:08.498 debug: transform url: 'cce:/internal/x/prerequisite-imports' costs: 3.50 ms
15:20:08.500 debug: Target(editor) ends with cost 24.08183400000007ms.
15:20:08.500 debug: Target(preview) build started.
15:20:08.501 debug: Detected change: cce:/internal/x/cc. Last mtime: Thu Jan 01 1970 08:00:02 GMT+0800 (台北標準時間), Current mtime: Thu Jan 01 1970 08:00:02 GMT+0800 (台北標準時間)
15:20:08.501 debug: Inspect cce:/internal/x/cc
15:20:08.509 debug: transform url: 'cce:/internal/x/cc' costs: 8.30 ms
15:20:08.510 debug: Resolve cce:/internal/x/cc-fu/2d from cce:/internal/x/cc as external dependency cce:/internal/x/cc-fu/2d.
15:20:08.510 debug: Resolve cce:/internal/x/cc-fu/sorting from cce:/internal/x/cc as external dependency cce:/internal/x/cc-fu/sorting.
15:20:08.510 debug: Resolve cce:/internal/x/cc-fu/3d from cce:/internal/x/cc as external dependency cce:/internal/x/cc-fu/3d.
15:20:08.510 debug: Resolve cce:/internal/x/cc-fu/affine-transform from cce:/internal/x/cc as external dependency cce:/internal/x/cc-fu/affine-transform.
15:20:08.510 debug: Resolve cce:/internal/x/cc-fu/animation from cce:/internal/x/cc as external dependency cce:/internal/x/cc-fu/animation.
15:20:08.510 debug: Resolve cce:/internal/x/cc-fu/audio from cce:/internal/x/cc as external dependency cce:/internal/x/cc-fu/audio.
15:20:08.510 debug: Resolve cce:/internal/x/cc-fu/base from cce:/internal/x/cc as external dependency cce:/internal/x/cc-fu/base.
15:20:08.510 debug: Resolve cce:/internal/x/cc-fu/custom-pipeline from cce:/internal/x/cc as external dependency cce:/internal/x/cc-fu/custom-pipeline.
15:20:08.510 debug: Resolve cce:/internal/x/cc-fu/dragon-bones from cce:/internal/x/cc as external dependency cce:/internal/x/cc-fu/dragon-bones.
15:20:08.510 debug: Resolve cce:/internal/x/cc-fu/gfx-webgl from cce:/internal/x/cc as external dependency cce:/internal/x/cc-fu/gfx-webgl.
15:20:08.510 debug: Resolve cce:/internal/x/cc-fu/graphics from cce:/internal/x/cc as external dependency cce:/internal/x/cc-fu/graphics.
15:20:08.510 debug: Resolve cce:/internal/x/cc-fu/intersection-2d from cce:/internal/x/cc as external dependency cce:/internal/x/cc-fu/intersection-2d.
15:20:08.510 debug: Resolve cce:/internal/x/cc-fu/light-probe from cce:/internal/x/cc as external dependency cce:/internal/x/cc-fu/light-probe.
15:20:08.510 debug: Resolve cce:/internal/x/cc-fu/mask from cce:/internal/x/cc as external dependency cce:/internal/x/cc-fu/mask.
15:20:08.510 debug: Resolve cce:/internal/x/cc-fu/particle from cce:/internal/x/cc as external dependency cce:/internal/x/cc-fu/particle.
15:20:08.510 debug: Resolve cce:/internal/x/cc-fu/particle-2d from cce:/internal/x/cc as external dependency cce:/internal/x/cc-fu/particle-2d.
15:20:08.510 debug: Resolve cce:/internal/x/cc-fu/physics-2d-box2d from cce:/internal/x/cc as external dependency cce:/internal/x/cc-fu/physics-2d-box2d.
15:20:08.510 debug: Resolve cce:/internal/x/cc-fu/physics-2d-framework from cce:/internal/x/cc as external dependency cce:/internal/x/cc-fu/physics-2d-framework.
15:20:08.510 debug: Resolve cce:/internal/x/cc-fu/physics-ammo from cce:/internal/x/cc as external dependency cce:/internal/x/cc-fu/physics-ammo.
15:20:08.510 debug: Resolve cce:/internal/x/cc-fu/physics-framework from cce:/internal/x/cc as external dependency cce:/internal/x/cc-fu/physics-framework.
15:20:08.510 debug: Resolve cce:/internal/x/cc-fu/primitive from cce:/internal/x/cc as external dependency cce:/internal/x/cc-fu/primitive.
15:20:08.510 debug: Resolve cce:/internal/x/cc-fu/profiler from cce:/internal/x/cc as external dependency cce:/internal/x/cc-fu/profiler.
15:20:08.510 debug: Resolve cce:/internal/x/cc-fu/rich-text from cce:/internal/x/cc as external dependency cce:/internal/x/cc-fu/rich-text.
15:20:08.510 debug: Resolve cce:/internal/x/cc-fu/skeletal-animation from cce:/internal/x/cc as external dependency cce:/internal/x/cc-fu/skeletal-animation.
15:20:08.510 debug: Resolve cce:/internal/x/cc-fu/spine from cce:/internal/x/cc as external dependency cce:/internal/x/cc-fu/spine.
15:20:08.510 debug: Resolve cce:/internal/x/cc-fu/terrain from cce:/internal/x/cc as external dependency cce:/internal/x/cc-fu/terrain.
15:20:08.510 debug: Resolve cce:/internal/x/cc-fu/tiled-map from cce:/internal/x/cc as external dependency cce:/internal/x/cc-fu/tiled-map.
15:20:08.510 debug: Resolve cce:/internal/x/cc-fu/tween from cce:/internal/x/cc as external dependency cce:/internal/x/cc-fu/tween.
15:20:08.510 debug: Resolve cce:/internal/x/cc-fu/ui from cce:/internal/x/cc as external dependency cce:/internal/x/cc-fu/ui.
15:20:08.510 debug: Resolve cce:/internal/x/cc-fu/ui-skew from cce:/internal/x/cc as external dependency cce:/internal/x/cc-fu/ui-skew.
15:20:08.510 debug: Resolve cce:/internal/x/cc-fu/video from cce:/internal/x/cc as external dependency cce:/internal/x/cc-fu/video.
15:20:08.510 debug: Resolve cce:/internal/x/cc-fu/webview from cce:/internal/x/cc as external dependency cce:/internal/x/cc-fu/webview.
15:20:08.510 debug: Detected change: cce:/internal/x/prerequisite-imports. Last mtime: Thu Jan 01 1970 08:21:33 GMT+0800 (台北標準時間), Current mtime: Thu Jan 01 1970 08:00:02 GMT+0800 (台北標準時間)
15:20:08.510 debug: Inspect cce:/internal/x/prerequisite-imports
15:20:08.513 debug: transform url: 'cce:/internal/x/prerequisite-imports' costs: 3.30 ms
15:20:08.515 debug: Target(preview) ends with cost 14.664584000000104ms.
15:20:09.004 debug: Pulling asset-db.
15:20:09.191 debug: Fetch asset-db cost: 186.67166700000007ms.
15:20:09.192 debug: Build iteration starts.
Number of accumulated asset changes: 24
Feature changed: false
15:20:09.192 debug: Target(editor) build started.
15:20:09.192 debug: Detected change: cce:/internal/x/prerequisite-imports. Last mtime: Thu Jan 01 1970 08:00:02 GMT+0800 (台北標準時間), Current mtime: Thu Jan 01 1970 08:00:03 GMT+0800 (台北標準時間)
15:20:09.193 debug: Inspect cce:/internal/x/prerequisite-imports
15:20:09.197 debug: transform url: 'cce:/internal/x/prerequisite-imports' costs: 4.70 ms
15:20:09.198 debug: Resolve file:///Applications/Cocos/Creator/3.8.7/CocosCreator.app/Contents/Resources/resources/3d/engine/editor/assets/default_renderpipeline/builtin-dof-pass.ts from cce:/internal/x/prerequisite-imports as file:///Applications/Cocos/Creator/3.8.7/CocosCreator.app/Contents/Resources/resources/3d/engine/editor/assets/default_renderpipeline/builtin-dof-pass.ts.
15:20:09.198 debug: Resolve file:///Applications/Cocos/Creator/3.8.7/CocosCreator.app/Contents/Resources/resources/3d/engine/editor/assets/default_renderpipeline/builtin-pipeline-pass.ts from cce:/internal/x/prerequisite-imports as file:///Applications/Cocos/Creator/3.8.7/CocosCreator.app/Contents/Resources/resources/3d/engine/editor/assets/default_renderpipeline/builtin-pipeline-pass.ts.
15:20:09.198 debug: Resolve file:///Applications/Cocos/Creator/3.8.7/CocosCreator.app/Contents/Resources/resources/3d/engine/editor/assets/default_renderpipeline/builtin-pipeline-settings.ts from cce:/internal/x/prerequisite-imports as file:///Applications/Cocos/Creator/3.8.7/CocosCreator.app/Contents/Resources/resources/3d/engine/editor/assets/default_renderpipeline/builtin-pipeline-settings.ts.
15:20:09.198 debug: Resolve file:///Applications/Cocos/Creator/3.8.7/CocosCreator.app/Contents/Resources/resources/3d/engine/editor/assets/default_renderpipeline/builtin-pipeline-types.ts from cce:/internal/x/prerequisite-imports as file:///Applications/Cocos/Creator/3.8.7/CocosCreator.app/Contents/Resources/resources/3d/engine/editor/assets/default_renderpipeline/builtin-pipeline-types.ts.
15:20:09.198 debug: Resolve file:///Applications/Cocos/Creator/3.8.7/CocosCreator.app/Contents/Resources/resources/3d/engine/editor/assets/default_renderpipeline/builtin-pipeline.ts from cce:/internal/x/prerequisite-imports as file:///Applications/Cocos/Creator/3.8.7/CocosCreator.app/Contents/Resources/resources/3d/engine/editor/assets/default_renderpipeline/builtin-pipeline.ts.
15:20:09.198 debug: Resolve file:///Applications/Cocos/Creator/3.8.7/CocosCreator.app/Contents/Resources/resources/3d/engine/editor/assets/tools/debug-view-runtime-control.ts from cce:/internal/x/prerequisite-imports as file:///Applications/Cocos/Creator/3.8.7/CocosCreator.app/Contents/Resources/resources/3d/engine/editor/assets/tools/debug-view-runtime-control.ts.
15:20:09.198 debug: Resolve file:///Users/mike/Documents/self/game-2d-demo/assets/scripts/GameStarter.ts from cce:/internal/x/prerequisite-imports as file:///Users/mike/Documents/self/game-2d-demo/assets/scripts/GameStarter.ts.
15:20:09.198 debug: Create cjs interop url for 'file:///Users/mike/Documents/self/game-2d-demo/assets/scripts/components/CameraFollow.js'
15:20:09.198 debug: Resolve file:///Users/mike/Documents/self/game-2d-demo/assets/scripts/components/CameraFollow.js from cce:/internal/x/prerequisite-imports as file:///Users/mike/Documents/self/game-2d-demo/assets/scripts/components/CameraFollow.mjs?cjs=&original=.js.
15:20:09.198 debug: Resolve file:///Users/mike/Documents/self/game-2d-demo/assets/scripts/components/CameraFollow.ts from cce:/internal/x/prerequisite-imports as file:///Users/mike/Documents/self/game-2d-demo/assets/scripts/components/CameraFollow.ts.
15:20:09.198 debug: Resolve file:///Users/mike/Documents/self/game-2d-demo/assets/scripts/components/ParallaxBackground.ts from cce:/internal/x/prerequisite-imports as file:///Users/mike/Documents/self/game-2d-demo/assets/scripts/components/ParallaxBackground.ts.
15:20:09.199 debug: Resolve file:///Users/mike/Documents/self/game-2d-demo/assets/scripts/components/PlatformGenerator.ts from cce:/internal/x/prerequisite-imports as file:///Users/mike/Documents/self/game-2d-demo/assets/scripts/components/PlatformGenerator.ts.
15:20:09.199 debug: Create cjs interop url for 'file:///Users/mike/Documents/self/game-2d-demo/assets/scripts/components/PlayerController.js'
15:20:09.199 debug: Resolve file:///Users/mike/Documents/self/game-2d-demo/assets/scripts/components/PlayerController.js from cce:/internal/x/prerequisite-imports as file:///Users/mike/Documents/self/game-2d-demo/assets/scripts/components/PlayerController.mjs?cjs=&original=.js.
15:20:09.199 debug: Resolve file:///Users/mike/Documents/self/game-2d-demo/assets/scripts/components/PlayerController.ts from cce:/internal/x/prerequisite-imports as file:///Users/mike/Documents/self/game-2d-demo/assets/scripts/components/PlayerController.ts.
15:20:09.199 debug: Resolve file:///Users/mike/Documents/self/game-2d-demo/assets/scripts/data/GameConstants.ts from cce:/internal/x/prerequisite-imports as file:///Users/mike/Documents/self/game-2d-demo/assets/scripts/data/GameConstants.ts.
15:20:09.199 debug: Resolve file:///Users/mike/Documents/self/game-2d-demo/assets/scripts/data/PlayerData.ts from cce:/internal/x/prerequisite-imports as file:///Users/mike/Documents/self/game-2d-demo/assets/scripts/data/PlayerData.ts.
15:20:09.199 debug: Create cjs interop url for 'file:///Users/mike/Documents/self/game-2d-demo/assets/scripts/managers/GameManager.js'
15:20:09.199 debug: Resolve file:///Users/mike/Documents/self/game-2d-demo/assets/scripts/managers/GameManager.js from cce:/internal/x/prerequisite-imports as file:///Users/mike/Documents/self/game-2d-demo/assets/scripts/managers/GameManager.mjs?cjs=&original=.js.
15:20:09.199 debug: Resolve file:///Users/mike/Documents/self/game-2d-demo/assets/scripts/managers/GameManager.ts from cce:/internal/x/prerequisite-imports as file:///Users/mike/Documents/self/game-2d-demo/assets/scripts/managers/GameManager.ts.
15:20:09.199 debug: Create cjs interop url for 'file:///Users/mike/Documents/self/game-2d-demo/assets/scripts/managers/InputManager.js'
15:20:09.199 debug: Resolve file:///Users/mike/Documents/self/game-2d-demo/assets/scripts/managers/InputManager.js from cce:/internal/x/prerequisite-imports as file:///Users/mike/Documents/self/game-2d-demo/assets/scripts/managers/InputManager.mjs?cjs=&original=.js.
15:20:09.199 debug: Resolve file:///Users/mike/Documents/self/game-2d-demo/assets/scripts/managers/InputManager.ts from cce:/internal/x/prerequisite-imports as file:///Users/mike/Documents/self/game-2d-demo/assets/scripts/managers/InputManager.ts.
15:20:09.199 debug: Resolve file:///Users/mike/Documents/self/game-2d-demo/assets/scripts/scenes/GameScene.ts from cce:/internal/x/prerequisite-imports as file:///Users/mike/Documents/self/game-2d-demo/assets/scripts/scenes/GameScene.ts.
15:20:09.199 debug: Resolve file:///Users/mike/Documents/self/game-2d-demo/assets/scripts/scenes/MapleStoryScene.ts from cce:/internal/x/prerequisite-imports as file:///Users/mike/Documents/self/game-2d-demo/assets/scripts/scenes/MapleStoryScene.ts.
15:20:09.199 debug: Resolve file:///Users/mike/Documents/self/game-2d-demo/assets/scripts/utils/SceneLoader.ts from cce:/internal/x/prerequisite-imports as file:///Users/mike/Documents/self/game-2d-demo/assets/scripts/utils/SceneLoader.ts.
15:20:09.199 debug: Detected change: cce:/internal/code-quality/cr.mjs. Last mtime: Fri Oct 17 2025 14:57:13 GMT+0800 (台北標準時間), Current mtime: Fri Oct 17 2025 15:20:05 GMT+0800 (台北標準時間)
15:20:09.199 debug: Inspect cce:/internal/code-quality/cr.mjs
15:20:09.203 debug: transform url: 'cce:/internal/code-quality/cr.mjs' costs: 3.30 ms
15:20:09.203 debug: Detected change: cce:/internal/ml/cjs-loader.mjs. Last mtime: Fri Oct 17 2025 14:57:13 GMT+0800 (台北標準時間), Current mtime: Fri Oct 17 2025 15:20:05 GMT+0800 (台北標準時間)
15:20:09.203 debug: Inspect cce:/internal/ml/cjs-loader.mjs
15:20:09.212 debug: transform url: 'cce:/internal/ml/cjs-loader.mjs' costs: 9.20 ms
15:20:09.213 debug: Create cjs interop url for 'file:///Users/mike/Documents/self/game-2d-demo/assets/scripts/components/CameraFollow.js'
15:20:09.213 debug: Create cjs interop url for 'file:///Users/mike/Documents/self/game-2d-demo/assets/scripts/components/PlayerController.js'
15:20:09.213 debug: Create cjs interop url for 'file:///Users/mike/Documents/self/game-2d-demo/assets/scripts/managers/GameManager.js'
15:20:09.213 debug: Create cjs interop url for 'file:///Users/mike/Documents/self/game-2d-demo/assets/scripts/managers/InputManager.js'
15:20:09.215 debug: Target(editor) ends with cost 22.969082999999955ms.
15:20:09.215 debug: Target(preview) build started.
15:20:09.216 debug: Detected change: cce:/internal/x/prerequisite-imports. Last mtime: Thu Jan 01 1970 08:00:02 GMT+0800 (台北標準時間), Current mtime: Thu Jan 01 1970 08:00:03 GMT+0800 (台北標準時間)
15:20:09.216 debug: Inspect cce:/internal/x/prerequisite-imports
15:20:09.219 debug: transform url: 'cce:/internal/x/prerequisite-imports' costs: 3.40 ms
15:20:09.219 debug: Resolve file:///Applications/Cocos/Creator/3.8.7/CocosCreator.app/Contents/Resources/resources/3d/engine/editor/assets/default_renderpipeline/builtin-dof-pass.ts from cce:/internal/x/prerequisite-imports as file:///Applications/Cocos/Creator/3.8.7/CocosCreator.app/Contents/Resources/resources/3d/engine/editor/assets/default_renderpipeline/builtin-dof-pass.ts.
15:20:09.219 debug: Resolve file:///Applications/Cocos/Creator/3.8.7/CocosCreator.app/Contents/Resources/resources/3d/engine/editor/assets/default_renderpipeline/builtin-pipeline-pass.ts from cce:/internal/x/prerequisite-imports as file:///Applications/Cocos/Creator/3.8.7/CocosCreator.app/Contents/Resources/resources/3d/engine/editor/assets/default_renderpipeline/builtin-pipeline-pass.ts.
15:20:09.219 debug: Resolve file:///Applications/Cocos/Creator/3.8.7/CocosCreator.app/Contents/Resources/resources/3d/engine/editor/assets/default_renderpipeline/builtin-pipeline-settings.ts from cce:/internal/x/prerequisite-imports as file:///Applications/Cocos/Creator/3.8.7/CocosCreator.app/Contents/Resources/resources/3d/engine/editor/assets/default_renderpipeline/builtin-pipeline-settings.ts.
15:20:09.219 debug: Resolve file:///Applications/Cocos/Creator/3.8.7/CocosCreator.app/Contents/Resources/resources/3d/engine/editor/assets/default_renderpipeline/builtin-pipeline-types.ts from cce:/internal/x/prerequisite-imports as file:///Applications/Cocos/Creator/3.8.7/CocosCreator.app/Contents/Resources/resources/3d/engine/editor/assets/default_renderpipeline/builtin-pipeline-types.ts.
15:20:09.220 debug: Resolve file:///Applications/Cocos/Creator/3.8.7/CocosCreator.app/Contents/Resources/resources/3d/engine/editor/assets/default_renderpipeline/builtin-pipeline.ts from cce:/internal/x/prerequisite-imports as file:///Applications/Cocos/Creator/3.8.7/CocosCreator.app/Contents/Resources/resources/3d/engine/editor/assets/default_renderpipeline/builtin-pipeline.ts.
15:20:09.220 debug: Resolve file:///Applications/Cocos/Creator/3.8.7/CocosCreator.app/Contents/Resources/resources/3d/engine/editor/assets/tools/debug-view-runtime-control.ts from cce:/internal/x/prerequisite-imports as file:///Applications/Cocos/Creator/3.8.7/CocosCreator.app/Contents/Resources/resources/3d/engine/editor/assets/tools/debug-view-runtime-control.ts.
15:20:09.220 debug: Resolve file:///Users/mike/Documents/self/game-2d-demo/assets/scripts/GameStarter.ts from cce:/internal/x/prerequisite-imports as file:///Users/mike/Documents/self/game-2d-demo/assets/scripts/GameStarter.ts.
15:20:09.220 debug: Create cjs interop url for 'file:///Users/mike/Documents/self/game-2d-demo/assets/scripts/components/CameraFollow.js'
15:20:09.220 debug: Resolve file:///Users/mike/Documents/self/game-2d-demo/assets/scripts/components/CameraFollow.js from cce:/internal/x/prerequisite-imports as file:///Users/mike/Documents/self/game-2d-demo/assets/scripts/components/CameraFollow.mjs?cjs=&original=.js.
15:20:09.220 debug: Resolve file:///Users/mike/Documents/self/game-2d-demo/assets/scripts/components/CameraFollow.ts from cce:/internal/x/prerequisite-imports as file:///Users/mike/Documents/self/game-2d-demo/assets/scripts/components/CameraFollow.ts.
15:20:09.220 debug: Resolve file:///Users/mike/Documents/self/game-2d-demo/assets/scripts/components/ParallaxBackground.ts from cce:/internal/x/prerequisite-imports as file:///Users/mike/Documents/self/game-2d-demo/assets/scripts/components/ParallaxBackground.ts.
15:20:09.220 debug: Resolve file:///Users/mike/Documents/self/game-2d-demo/assets/scripts/components/PlatformGenerator.ts from cce:/internal/x/prerequisite-imports as file:///Users/mike/Documents/self/game-2d-demo/assets/scripts/components/PlatformGenerator.ts.
15:20:09.220 debug: Create cjs interop url for 'file:///Users/mike/Documents/self/game-2d-demo/assets/scripts/components/PlayerController.js'
15:20:09.220 debug: Resolve file:///Users/mike/Documents/self/game-2d-demo/assets/scripts/components/PlayerController.js from cce:/internal/x/prerequisite-imports as file:///Users/mike/Documents/self/game-2d-demo/assets/scripts/components/PlayerController.mjs?cjs=&original=.js.
15:20:09.220 debug: Resolve file:///Users/mike/Documents/self/game-2d-demo/assets/scripts/components/PlayerController.ts from cce:/internal/x/prerequisite-imports as file:///Users/mike/Documents/self/game-2d-demo/assets/scripts/components/PlayerController.ts.
15:20:09.220 debug: Resolve file:///Users/mike/Documents/self/game-2d-demo/assets/scripts/data/GameConstants.ts from cce:/internal/x/prerequisite-imports as file:///Users/mike/Documents/self/game-2d-demo/assets/scripts/data/GameConstants.ts.
15:20:09.220 debug: Resolve file:///Users/mike/Documents/self/game-2d-demo/assets/scripts/data/PlayerData.ts from cce:/internal/x/prerequisite-imports as file:///Users/mike/Documents/self/game-2d-demo/assets/scripts/data/PlayerData.ts.
15:20:09.220 debug: Create cjs interop url for 'file:///Users/mike/Documents/self/game-2d-demo/assets/scripts/managers/GameManager.js'
15:20:09.220 debug: Resolve file:///Users/mike/Documents/self/game-2d-demo/assets/scripts/managers/GameManager.js from cce:/internal/x/prerequisite-imports as file:///Users/mike/Documents/self/game-2d-demo/assets/scripts/managers/GameManager.mjs?cjs=&original=.js.
15:20:09.220 debug: Resolve file:///Users/mike/Documents/self/game-2d-demo/assets/scripts/managers/GameManager.ts from cce:/internal/x/prerequisite-imports as file:///Users/mike/Documents/self/game-2d-demo/assets/scripts/managers/GameManager.ts.
15:20:09.220 debug: Create cjs interop url for 'file:///Users/mike/Documents/self/game-2d-demo/assets/scripts/managers/InputManager.js'
15:20:09.220 debug: Resolve file:///Users/mike/Documents/self/game-2d-demo/assets/scripts/managers/InputManager.js from cce:/internal/x/prerequisite-imports as file:///Users/mike/Documents/self/game-2d-demo/assets/scripts/managers/InputManager.mjs?cjs=&original=.js.
15:20:09.220 debug: Resolve file:///Users/mike/Documents/self/game-2d-demo/assets/scripts/managers/InputManager.ts from cce:/internal/x/prerequisite-imports as file:///Users/mike/Documents/self/game-2d-demo/assets/scripts/managers/InputManager.ts.
15:20:09.220 debug: Resolve file:///Users/mike/Documents/self/game-2d-demo/assets/scripts/scenes/GameScene.ts from cce:/internal/x/prerequisite-imports as file:///Users/mike/Documents/self/game-2d-demo/assets/scripts/scenes/GameScene.ts.
15:20:09.220 debug: Resolve file:///Users/mike/Documents/self/game-2d-demo/assets/scripts/scenes/MapleStoryScene.ts from cce:/internal/x/prerequisite-imports as file:///Users/mike/Documents/self/game-2d-demo/assets/scripts/scenes/MapleStoryScene.ts.
15:20:09.220 debug: Resolve file:///Users/mike/Documents/self/game-2d-demo/assets/scripts/utils/SceneLoader.ts from cce:/internal/x/prerequisite-imports as file:///Users/mike/Documents/self/game-2d-demo/assets/scripts/utils/SceneLoader.ts.
15:20:09.220 debug: Detected change: cce:/internal/code-quality/cr.mjs. Last mtime: Fri Oct 17 2025 14:57:13 GMT+0800 (台北標準時間), Current mtime: Fri Oct 17 2025 15:20:05 GMT+0800 (台北標準時間)
15:20:09.220 debug: Inspect cce:/internal/code-quality/cr.mjs
15:20:09.223 debug: transform url: 'cce:/internal/code-quality/cr.mjs' costs: 3.00 ms
15:20:09.224 debug: Detected change: cce:/internal/ml/cjs-loader.mjs. Last mtime: Fri Oct 17 2025 14:57:13 GMT+0800 (台北標準時間), Current mtime: Fri Oct 17 2025 15:20:05 GMT+0800 (台北標準時間)
15:20:09.224 debug: Inspect cce:/internal/ml/cjs-loader.mjs
15:20:09.232 debug: transform url: 'cce:/internal/ml/cjs-loader.mjs' costs: 8.00 ms
15:20:09.232 debug: Create cjs interop url for 'file:///Users/mike/Documents/self/game-2d-demo/assets/scripts/components/CameraFollow.js'
15:20:09.233 debug: Create cjs interop url for 'file:///Users/mike/Documents/self/game-2d-demo/assets/scripts/components/PlayerController.js'
15:20:09.233 debug: Create cjs interop url for 'file:///Users/mike/Documents/self/game-2d-demo/assets/scripts/managers/GameManager.js'
15:20:09.233 debug: Create cjs interop url for 'file:///Users/mike/Documents/self/game-2d-demo/assets/scripts/managers/InputManager.js'
15:20:09.234 debug: Target(preview) ends with cost 19.14766699999973ms.
18:17:24.297 debug: Dispatch build request for time accumulated 2 asset changes.
18:17:24.299 debug: Build iteration starts.
Number of accumulated asset changes: 2
Feature changed: false
18:17:24.300 debug: Target(editor) build started.
18:17:24.301 debug: Detected change: cce:/internal/x/prerequisite-imports. Last mtime: Thu Jan 01 1970 08:00:03 GMT+0800 (台北標準時間), Current mtime: Thu Jan 01 1970 10:57:18 GMT+0800 (台北標準時間)
18:17:24.301 debug: Inspect cce:/internal/x/prerequisite-imports
18:17:24.311 debug: transform url: 'cce:/internal/x/prerequisite-imports' costs: 9.90 ms
18:17:24.312 debug: Resolve file:///Applications/Cocos/Creator/3.8.7/CocosCreator.app/Contents/Resources/resources/3d/engine/editor/assets/default_renderpipeline/builtin-dof-pass.ts from cce:/internal/x/prerequisite-imports as file:///Applications/Cocos/Creator/3.8.7/CocosCreator.app/Contents/Resources/resources/3d/engine/editor/assets/default_renderpipeline/builtin-dof-pass.ts.
18:17:24.312 debug: Resolve file:///Applications/Cocos/Creator/3.8.7/CocosCreator.app/Contents/Resources/resources/3d/engine/editor/assets/default_renderpipeline/builtin-pipeline-pass.ts from cce:/internal/x/prerequisite-imports as file:///Applications/Cocos/Creator/3.8.7/CocosCreator.app/Contents/Resources/resources/3d/engine/editor/assets/default_renderpipeline/builtin-pipeline-pass.ts.
18:17:24.312 debug: Resolve file:///Applications/Cocos/Creator/3.8.7/CocosCreator.app/Contents/Resources/resources/3d/engine/editor/assets/default_renderpipeline/builtin-pipeline-settings.ts from cce:/internal/x/prerequisite-imports as file:///Applications/Cocos/Creator/3.8.7/CocosCreator.app/Contents/Resources/resources/3d/engine/editor/assets/default_renderpipeline/builtin-pipeline-settings.ts.
18:17:24.312 debug: Resolve file:///Applications/Cocos/Creator/3.8.7/CocosCreator.app/Contents/Resources/resources/3d/engine/editor/assets/default_renderpipeline/builtin-pipeline-types.ts from cce:/internal/x/prerequisite-imports as file:///Applications/Cocos/Creator/3.8.7/CocosCreator.app/Contents/Resources/resources/3d/engine/editor/assets/default_renderpipeline/builtin-pipeline-types.ts.
18:17:24.312 debug: Resolve file:///Applications/Cocos/Creator/3.8.7/CocosCreator.app/Contents/Resources/resources/3d/engine/editor/assets/default_renderpipeline/builtin-pipeline.ts from cce:/internal/x/prerequisite-imports as file:///Applications/Cocos/Creator/3.8.7/CocosCreator.app/Contents/Resources/resources/3d/engine/editor/assets/default_renderpipeline/builtin-pipeline.ts.
18:17:24.312 debug: Resolve file:///Applications/Cocos/Creator/3.8.7/CocosCreator.app/Contents/Resources/resources/3d/engine/editor/assets/tools/debug-view-runtime-control.ts from cce:/internal/x/prerequisite-imports as file:///Applications/Cocos/Creator/3.8.7/CocosCreator.app/Contents/Resources/resources/3d/engine/editor/assets/tools/debug-view-runtime-control.ts.
18:17:24.312 debug: Resolve file:///Users/mike/Documents/self/game-2d-demo/assets/scripts/GameStarter.ts from cce:/internal/x/prerequisite-imports as file:///Users/mike/Documents/self/game-2d-demo/assets/scripts/GameStarter.ts.
18:17:24.312 debug: Create cjs interop url for 'file:///Users/mike/Documents/self/game-2d-demo/assets/scripts/components/CameraFollow.js'
18:17:24.312 debug: Resolve file:///Users/mike/Documents/self/game-2d-demo/assets/scripts/components/CameraFollow.js from cce:/internal/x/prerequisite-imports as file:///Users/mike/Documents/self/game-2d-demo/assets/scripts/components/CameraFollow.mjs?cjs=&original=.js.
18:17:24.312 debug: Resolve file:///Users/mike/Documents/self/game-2d-demo/assets/scripts/components/CameraFollow.ts from cce:/internal/x/prerequisite-imports as file:///Users/mike/Documents/self/game-2d-demo/assets/scripts/components/CameraFollow.ts.
18:17:24.312 debug: Resolve file:///Users/mike/Documents/self/game-2d-demo/assets/scripts/components/ParallaxBackground.ts from cce:/internal/x/prerequisite-imports as file:///Users/mike/Documents/self/game-2d-demo/assets/scripts/components/ParallaxBackground.ts.
18:17:24.312 debug: Resolve file:///Users/mike/Documents/self/game-2d-demo/assets/scripts/components/PlatformGenerator.ts from cce:/internal/x/prerequisite-imports as file:///Users/mike/Documents/self/game-2d-demo/assets/scripts/components/PlatformGenerator.ts.
18:17:24.312 debug: Create cjs interop url for 'file:///Users/mike/Documents/self/game-2d-demo/assets/scripts/components/PlayerController.js'
18:17:24.312 debug: Resolve file:///Users/mike/Documents/self/game-2d-demo/assets/scripts/components/PlayerController.js from cce:/internal/x/prerequisite-imports as file:///Users/mike/Documents/self/game-2d-demo/assets/scripts/components/PlayerController.mjs?cjs=&original=.js.
18:17:24.312 debug: Resolve file:///Users/mike/Documents/self/game-2d-demo/assets/scripts/components/PlayerController.ts from cce:/internal/x/prerequisite-imports as file:///Users/mike/Documents/self/game-2d-demo/assets/scripts/components/PlayerController.ts.
18:17:24.312 debug: Resolve file:///Users/mike/Documents/self/game-2d-demo/assets/scripts/components/TeleportPortal.ts from cce:/internal/x/prerequisite-imports as file:///Users/mike/Documents/self/game-2d-demo/assets/scripts/components/TeleportPortal.ts.
18:17:24.312 debug: Inspect file:///Users/mike/Documents/self/game-2d-demo/assets/scripts/components/TeleportPortal.ts
18:17:24.348 debug: transform url: 'file:///Users/mike/Documents/self/game-2d-demo/assets/scripts/components/TeleportPortal.ts' costs: 36.00 ms
18:17:24.349 debug: Resolve file:///Users/mike/Documents/self/game-2d-demo/assets/scripts/data/GameConstants.ts from cce:/internal/x/prerequisite-imports as file:///Users/mike/Documents/self/game-2d-demo/assets/scripts/data/GameConstants.ts.
18:17:24.349 debug: Resolve file:///Users/mike/Documents/self/game-2d-demo/assets/scripts/data/PlayerData.ts from cce:/internal/x/prerequisite-imports as file:///Users/mike/Documents/self/game-2d-demo/assets/scripts/data/PlayerData.ts.
18:17:24.349 debug: Create cjs interop url for 'file:///Users/mike/Documents/self/game-2d-demo/assets/scripts/managers/GameManager.js'
18:17:24.349 debug: Resolve file:///Users/mike/Documents/self/game-2d-demo/assets/scripts/managers/GameManager.js from cce:/internal/x/prerequisite-imports as file:///Users/mike/Documents/self/game-2d-demo/assets/scripts/managers/GameManager.mjs?cjs=&original=.js.
18:17:24.349 debug: Resolve file:///Users/mike/Documents/self/game-2d-demo/assets/scripts/managers/GameManager.ts from cce:/internal/x/prerequisite-imports as file:///Users/mike/Documents/self/game-2d-demo/assets/scripts/managers/GameManager.ts.
18:17:24.349 debug: Create cjs interop url for 'file:///Users/mike/Documents/self/game-2d-demo/assets/scripts/managers/InputManager.js'
18:17:24.349 debug: Resolve file:///Users/mike/Documents/self/game-2d-demo/assets/scripts/managers/InputManager.js from cce:/internal/x/prerequisite-imports as file:///Users/mike/Documents/self/game-2d-demo/assets/scripts/managers/InputManager.mjs?cjs=&original=.js.
18:17:24.349 debug: Resolve file:///Users/mike/Documents/self/game-2d-demo/assets/scripts/managers/InputManager.ts from cce:/internal/x/prerequisite-imports as file:///Users/mike/Documents/self/game-2d-demo/assets/scripts/managers/InputManager.ts.
18:17:24.349 debug: Resolve file:///Users/mike/Documents/self/game-2d-demo/assets/scripts/managers/SceneManager.ts from cce:/internal/x/prerequisite-imports as file:///Users/mike/Documents/self/game-2d-demo/assets/scripts/managers/SceneManager.ts.
18:17:24.349 debug: Inspect file:///Users/mike/Documents/self/game-2d-demo/assets/scripts/managers/SceneManager.ts
18:17:24.367 debug: transform url: 'file:///Users/mike/Documents/self/game-2d-demo/assets/scripts/managers/SceneManager.ts' costs: 17.90 ms
18:17:24.368 debug: Resolve file:///Users/mike/Documents/self/game-2d-demo/assets/scripts/scenes/GameScene.ts from cce:/internal/x/prerequisite-imports as file:///Users/mike/Documents/self/game-2d-demo/assets/scripts/scenes/GameScene.ts.
18:17:24.368 debug: Resolve file:///Users/mike/Documents/self/game-2d-demo/assets/scripts/scenes/MapleStoryScene.ts from cce:/internal/x/prerequisite-imports as file:///Users/mike/Documents/self/game-2d-demo/assets/scripts/scenes/MapleStoryScene.ts.
18:17:24.368 debug: Resolve file:///Users/mike/Documents/self/game-2d-demo/assets/scripts/utils/SceneLoader.ts from cce:/internal/x/prerequisite-imports as file:///Users/mike/Documents/self/game-2d-demo/assets/scripts/utils/SceneLoader.ts.
18:17:24.368 debug: Resolve cc from file:///Users/mike/Documents/self/game-2d-demo/assets/scripts/components/TeleportPortal.ts as cce:/internal/x/cc.
18:17:24.368 debug: Resolve cc from file:///Users/mike/Documents/self/game-2d-demo/assets/scripts/managers/SceneManager.ts as cce:/internal/x/cc.
18:17:24.368 debug: Create cjs interop url for 'file:///Users/mike/Documents/self/game-2d-demo/assets/scripts/components/CameraFollow.js'
18:17:24.368 debug: Create cjs interop url for 'file:///Users/mike/Documents/self/game-2d-demo/assets/scripts/components/PlayerController.js'
18:17:24.368 debug: Create cjs interop url for 'file:///Users/mike/Documents/self/game-2d-demo/assets/scripts/managers/GameManager.js'
18:17:24.368 debug: Create cjs interop url for 'file:///Users/mike/Documents/self/game-2d-demo/assets/scripts/managers/InputManager.js'
18:17:24.372 debug: Target(editor) ends with cost 72.4832079987973ms.
18:17:24.372 debug: Target(preview) build started.
18:17:24.373 debug: Detected change: cce:/internal/x/prerequisite-imports. Last mtime: Thu Jan 01 1970 08:00:03 GMT+0800 (台北標準時間), Current mtime: Thu Jan 01 1970 10:57:18 GMT+0800 (台北標準時間)
18:17:24.373 debug: Inspect cce:/internal/x/prerequisite-imports
18:17:24.378 debug: transform url: 'cce:/internal/x/prerequisite-imports' costs: 4.40 ms
18:17:24.378 debug: Resolve file:///Applications/Cocos/Creator/3.8.7/CocosCreator.app/Contents/Resources/resources/3d/engine/editor/assets/default_renderpipeline/builtin-dof-pass.ts from cce:/internal/x/prerequisite-imports as file:///Applications/Cocos/Creator/3.8.7/CocosCreator.app/Contents/Resources/resources/3d/engine/editor/assets/default_renderpipeline/builtin-dof-pass.ts.
18:17:24.378 debug: Resolve file:///Applications/Cocos/Creator/3.8.7/CocosCreator.app/Contents/Resources/resources/3d/engine/editor/assets/default_renderpipeline/builtin-pipeline-pass.ts from cce:/internal/x/prerequisite-imports as file:///Applications/Cocos/Creator/3.8.7/CocosCreator.app/Contents/Resources/resources/3d/engine/editor/assets/default_renderpipeline/builtin-pipeline-pass.ts.
18:17:24.378 debug: Resolve file:///Applications/Cocos/Creator/3.8.7/CocosCreator.app/Contents/Resources/resources/3d/engine/editor/assets/default_renderpipeline/builtin-pipeline-settings.ts from cce:/internal/x/prerequisite-imports as file:///Applications/Cocos/Creator/3.8.7/CocosCreator.app/Contents/Resources/resources/3d/engine/editor/assets/default_renderpipeline/builtin-pipeline-settings.ts.
18:17:24.378 debug: Resolve file:///Applications/Cocos/Creator/3.8.7/CocosCreator.app/Contents/Resources/resources/3d/engine/editor/assets/default_renderpipeline/builtin-pipeline-types.ts from cce:/internal/x/prerequisite-imports as file:///Applications/Cocos/Creator/3.8.7/CocosCreator.app/Contents/Resources/resources/3d/engine/editor/assets/default_renderpipeline/builtin-pipeline-types.ts.
18:17:24.378 debug: Resolve file:///Applications/Cocos/Creator/3.8.7/CocosCreator.app/Contents/Resources/resources/3d/engine/editor/assets/default_renderpipeline/builtin-pipeline.ts from cce:/internal/x/prerequisite-imports as file:///Applications/Cocos/Creator/3.8.7/CocosCreator.app/Contents/Resources/resources/3d/engine/editor/assets/default_renderpipeline/builtin-pipeline.ts.
18:17:24.378 debug: Resolve file:///Applications/Cocos/Creator/3.8.7/CocosCreator.app/Contents/Resources/resources/3d/engine/editor/assets/tools/debug-view-runtime-control.ts from cce:/internal/x/prerequisite-imports as file:///Applications/Cocos/Creator/3.8.7/CocosCreator.app/Contents/Resources/resources/3d/engine/editor/assets/tools/debug-view-runtime-control.ts.
18:17:24.378 debug: Resolve file:///Users/mike/Documents/self/game-2d-demo/assets/scripts/GameStarter.ts from cce:/internal/x/prerequisite-imports as file:///Users/mike/Documents/self/game-2d-demo/assets/scripts/GameStarter.ts.
18:17:24.378 debug: Create cjs interop url for 'file:///Users/mike/Documents/self/game-2d-demo/assets/scripts/components/CameraFollow.js'
18:17:24.378 debug: Resolve file:///Users/mike/Documents/self/game-2d-demo/assets/scripts/components/CameraFollow.js from cce:/internal/x/prerequisite-imports as file:///Users/mike/Documents/self/game-2d-demo/assets/scripts/components/CameraFollow.mjs?cjs=&original=.js.
18:17:24.378 debug: Resolve file:///Users/mike/Documents/self/game-2d-demo/assets/scripts/components/CameraFollow.ts from cce:/internal/x/prerequisite-imports as file:///Users/mike/Documents/self/game-2d-demo/assets/scripts/components/CameraFollow.ts.
18:17:24.378 debug: Resolve file:///Users/mike/Documents/self/game-2d-demo/assets/scripts/components/ParallaxBackground.ts from cce:/internal/x/prerequisite-imports as file:///Users/mike/Documents/self/game-2d-demo/assets/scripts/components/ParallaxBackground.ts.
18:17:24.379 debug: Resolve file:///Users/mike/Documents/self/game-2d-demo/assets/scripts/components/PlatformGenerator.ts from cce:/internal/x/prerequisite-imports as file:///Users/mike/Documents/self/game-2d-demo/assets/scripts/components/PlatformGenerator.ts.
18:17:24.379 debug: Create cjs interop url for 'file:///Users/mike/Documents/self/game-2d-demo/assets/scripts/components/PlayerController.js'
18:17:24.379 debug: Resolve file:///Users/mike/Documents/self/game-2d-demo/assets/scripts/components/PlayerController.js from cce:/internal/x/prerequisite-imports as file:///Users/mike/Documents/self/game-2d-demo/assets/scripts/components/PlayerController.mjs?cjs=&original=.js.
18:17:24.379 debug: Resolve file:///Users/mike/Documents/self/game-2d-demo/assets/scripts/components/PlayerController.ts from cce:/internal/x/prerequisite-imports as file:///Users/mike/Documents/self/game-2d-demo/assets/scripts/components/PlayerController.ts.
18:17:24.379 debug: Resolve file:///Users/mike/Documents/self/game-2d-demo/assets/scripts/components/TeleportPortal.ts from cce:/internal/x/prerequisite-imports as file:///Users/mike/Documents/self/game-2d-demo/assets/scripts/components/TeleportPortal.ts.
18:17:24.379 debug: Inspect file:///Users/mike/Documents/self/game-2d-demo/assets/scripts/components/TeleportPortal.ts
18:17:24.402 debug: transform url: 'file:///Users/mike/Documents/self/game-2d-demo/assets/scripts/components/TeleportPortal.ts' costs: 23.10 ms
18:17:24.402 debug: Resolve file:///Users/mike/Documents/self/game-2d-demo/assets/scripts/data/GameConstants.ts from cce:/internal/x/prerequisite-imports as file:///Users/mike/Documents/self/game-2d-demo/assets/scripts/data/GameConstants.ts.
18:17:24.402 debug: Resolve file:///Users/mike/Documents/self/game-2d-demo/assets/scripts/data/PlayerData.ts from cce:/internal/x/prerequisite-imports as file:///Users/mike/Documents/self/game-2d-demo/assets/scripts/data/PlayerData.ts.
18:17:24.403 debug: Create cjs interop url for 'file:///Users/mike/Documents/self/game-2d-demo/assets/scripts/managers/GameManager.js'
18:17:24.403 debug: Resolve file:///Users/mike/Documents/self/game-2d-demo/assets/scripts/managers/GameManager.js from cce:/internal/x/prerequisite-imports as file:///Users/mike/Documents/self/game-2d-demo/assets/scripts/managers/GameManager.mjs?cjs=&original=.js.
18:17:24.403 debug: Resolve file:///Users/mike/Documents/self/game-2d-demo/assets/scripts/managers/GameManager.ts from cce:/internal/x/prerequisite-imports as file:///Users/mike/Documents/self/game-2d-demo/assets/scripts/managers/GameManager.ts.
18:17:24.403 debug: Create cjs interop url for 'file:///Users/mike/Documents/self/game-2d-demo/assets/scripts/managers/InputManager.js'
18:17:24.403 debug: Resolve file:///Users/mike/Documents/self/game-2d-demo/assets/scripts/managers/InputManager.js from cce:/internal/x/prerequisite-imports as file:///Users/mike/Documents/self/game-2d-demo/assets/scripts/managers/InputManager.mjs?cjs=&original=.js.
18:17:24.403 debug: Resolve file:///Users/mike/Documents/self/game-2d-demo/assets/scripts/managers/InputManager.ts from cce:/internal/x/prerequisite-imports as file:///Users/mike/Documents/self/game-2d-demo/assets/scripts/managers/InputManager.ts.
18:17:24.403 debug: Resolve file:///Users/mike/Documents/self/game-2d-demo/assets/scripts/managers/SceneManager.ts from cce:/internal/x/prerequisite-imports as file:///Users/mike/Documents/self/game-2d-demo/assets/scripts/managers/SceneManager.ts.
18:17:24.403 debug: Inspect file:///Users/mike/Documents/self/game-2d-demo/assets/scripts/managers/SceneManager.ts
18:17:24.420 debug: transform url: 'file:///Users/mike/Documents/self/game-2d-demo/assets/scripts/managers/SceneManager.ts' costs: 17.40 ms
18:17:24.421 debug: Resolve file:///Users/mike/Documents/self/game-2d-demo/assets/scripts/scenes/GameScene.ts from cce:/internal/x/prerequisite-imports as file:///Users/mike/Documents/self/game-2d-demo/assets/scripts/scenes/GameScene.ts.
18:17:24.421 debug: Resolve file:///Users/mike/Documents/self/game-2d-demo/assets/scripts/scenes/MapleStoryScene.ts from cce:/internal/x/prerequisite-imports as file:///Users/mike/Documents/self/game-2d-demo/assets/scripts/scenes/MapleStoryScene.ts.
18:17:24.421 debug: Resolve file:///Users/mike/Documents/self/game-2d-demo/assets/scripts/utils/SceneLoader.ts from cce:/internal/x/prerequisite-imports as file:///Users/mike/Documents/self/game-2d-demo/assets/scripts/utils/SceneLoader.ts.
18:17:24.421 debug: Resolve cc from file:///Users/mike/Documents/self/game-2d-demo/assets/scripts/components/TeleportPortal.ts as cce:/internal/x/cc.
18:17:24.421 debug: Resolve cc from file:///Users/mike/Documents/self/game-2d-demo/assets/scripts/managers/SceneManager.ts as cce:/internal/x/cc.
18:17:24.421 debug: Create cjs interop url for 'file:///Users/mike/Documents/self/game-2d-demo/assets/scripts/components/CameraFollow.js'
18:17:24.421 debug: Create cjs interop url for 'file:///Users/mike/Documents/self/game-2d-demo/assets/scripts/components/PlayerController.js'
18:17:24.421 debug: Create cjs interop url for 'file:///Users/mike/Documents/self/game-2d-demo/assets/scripts/managers/GameManager.js'
18:17:24.422 debug: Create cjs interop url for 'file:///Users/mike/Documents/self/game-2d-demo/assets/scripts/managers/InputManager.js'
18:17:24.425 debug: Target(preview) ends with cost 52.77762500010431ms.
