2025-10-17 15:20:07-log: Cannot access game frame or container.
2025-10-17 15:20:07-debug: asset-db:require-engine-code (346ms)
2025-10-17 15:20:07-log: meshopt wasm decoder initialized
2025-10-17 15:20:07-log: [bullet]:bullet wasm lib loaded.
2025-10-17 15:20:07-log: [box2d]:box2d wasm lib loaded.
2025-10-17 15:20:07-log: Cocos Creator v3.8.7
2025-10-17 15:20:07-log: Forward render pipeline initialized.
2025-10-17 15:20:07-log: Using legacy pipeline
2025-10-17 15:20:07-debug: [Assets Memory track]: asset-db:worker-init: initEngine start:28.95MB, end 79.76MB, increase: 50.81MB
2025-10-17 15:20:08-debug: [Assets Memory track]: asset-db:worker-init: initPlugin start:79.86MB, end 273.97MB, increase: 194.11MB
2025-10-17 15:20:08-debug: run package(certificate) handler(enable) start
2025-10-17 15:20:08-debug: run package(fb-instant-games) handler(enable) start
2025-10-17 15:20:08-debug: run package(fb-instant-games) handler(enable) success!
2025-10-17 15:20:08-debug: run package(channel-upload-tools) handler(enable) start
2025-10-17 15:20:08-debug: run package(google-play) handler(enable) success!
2025-10-17 15:20:08-debug: run package(harmonyos-next) handler(enable) start
2025-10-17 15:20:08-debug: run package(harmonyos-next) handler(enable) success!
2025-10-17 15:20:08-debug: run package(honor-mini-game) handler(enable) start
2025-10-17 15:20:08-debug: run package(honor-mini-game) handler(enable) success!
2025-10-17 15:20:08-debug: run package(google-play) handler(enable) start
2025-10-17 15:20:08-debug: run package(huawei-agc) handler(enable) success!
2025-10-17 15:20:08-debug: run package(huawei-quick-game) handler(enable) start
2025-10-17 15:20:08-debug: run package(huawei-quick-game) handler(enable) success!
2025-10-17 15:20:08-debug: run package(ios) handler(enable) start
2025-10-17 15:20:08-debug: run package(certificate) handler(enable) success!
2025-10-17 15:20:08-debug: run package(ios) handler(enable) success!
2025-10-17 15:20:08-debug: run package(huawei-agc) handler(enable) start
2025-10-17 15:20:08-debug: run package(mac) handler(enable) start
2025-10-17 15:20:08-debug: run package(mac) handler(enable) success!
2025-10-17 15:20:08-debug: run package(migu-mini-game) handler(enable) start
2025-10-17 15:20:08-debug: run package(migu-mini-game) handler(enable) success!
2025-10-17 15:20:08-debug: run package(native) handler(enable) success!
2025-10-17 15:20:08-debug: run package(native) handler(enable) start
2025-10-17 15:20:08-debug: run package(ohos) handler(enable) success!
2025-10-17 15:20:08-debug: run package(channel-upload-tools) handler(enable) success!
2025-10-17 15:20:08-debug: run package(oppo-mini-game) handler(enable) start
2025-10-17 15:20:08-debug: run package(oppo-mini-game) handler(enable) success!
2025-10-17 15:20:08-debug: run package(runtime-dev-tools) handler(enable) start
2025-10-17 15:20:08-debug: run package(ohos) handler(enable) start
2025-10-17 15:20:08-debug: run package(taobao-mini-game) handler(enable) start
2025-10-17 15:20:08-debug: run package(linux) handler(enable) success!
2025-10-17 15:20:08-debug: run package(vivo-mini-game) handler(enable) start
2025-10-17 15:20:08-debug: run package(vivo-mini-game) handler(enable) success!
2025-10-17 15:20:08-debug: run package(web-desktop) handler(enable) start
2025-10-17 15:20:08-debug: run package(web-desktop) handler(enable) success!
2025-10-17 15:20:08-debug: run package(taobao-mini-game) handler(enable) success!
2025-10-17 15:20:08-debug: run package(web-mobile) handler(enable) success!
2025-10-17 15:20:08-debug: run package(wechatgame) handler(enable) start
2025-10-17 15:20:08-debug: run package(wechatgame) handler(enable) success!
2025-10-17 15:20:08-debug: run package(wechatprogram) handler(enable) start
2025-10-17 15:20:08-debug: run package(wechatprogram) handler(enable) success!
2025-10-17 15:20:08-debug: run package(windows) handler(enable) start
2025-10-17 15:20:08-debug: run package(windows) handler(enable) success!
2025-10-17 15:20:08-debug: run package(xiaomi-quick-game) handler(enable) start
2025-10-17 15:20:08-debug: run package(web-mobile) handler(enable) start
2025-10-17 15:20:08-debug: run package(cocos-service) handler(enable) start
2025-10-17 15:20:08-debug: run package(cocos-service) handler(enable) success!
2025-10-17 15:20:08-debug: run package(im-plugin) handler(enable) start
2025-10-17 15:20:08-debug: run package(linux) handler(enable) start
2025-10-17 15:20:08-debug: run package(xiaomi-quick-game) handler(enable) success!
2025-10-17 15:20:08-debug: run package(placeholder) handler(enable) success!
2025-10-17 15:20:08-debug: run package(im-plugin) handler(enable) success!
2025-10-17 15:20:08-debug: run package(placeholder) handler(enable) start
2025-10-17 15:20:08-debug: run package(runtime-dev-tools) handler(enable) success!
2025-10-17 15:20:08-debug: asset-db:worker-init: initPlugin (898ms)
2025-10-17 15:20:08-debug: [Assets Memory track]: asset-db:worker-init start:28.94MB, end 276.06MB, increase: 247.12MB
2025-10-17 15:20:08-debug: Run asset db hook programming:beforePreStart ...
2025-10-17 15:20:08-debug: Run asset db hook engine-extends:beforePreStart success!
2025-10-17 15:20:08-debug: Preimport db  success
2025-10-17 15:20:08-debug: Run asset db hook engine-extends:beforePreStart ...
2025-10-17 15:20:08-debug: starting packer-driver...
2025-10-17 15:20:08-debug: Run asset db hook programming:beforePreStart success!
2025-10-17 15:20:08-debug: Preimport db  success
2025-10-17 15:20:08-debug: Run asset db hook programming:afterPreStart ...
2025-10-17 15:20:08-debug: asset-db:worker-init (1325ms)
2025-10-17 15:20:08-debug: asset-db-hook-programming-beforePreStart (16ms)
2025-10-17 15:20:08-debug: asset-db-hook-engine-extends-beforePreStart (16ms)
2025-10-17 15:20:08-debug: initialize scripting environment...
2025-10-17 15:20:08-debug: [[Executor]] prepare before lock
2025-10-17 15:20:08-debug: Set detail map pack:///resolution-detail-map.json: {}
2025-10-17 15:20:08-debug: [[Executor]] prepare after unlock
2025-10-17 15:20:08-debug: Run asset db hook programming:afterPreStart success!
2025-10-17 15:20:08-debug: Start up the 'internal' database...
2025-10-17 15:20:08-debug: Run asset db hook engine-extends:afterPreStart success!
2025-10-17 15:20:08-debug: [Assets Memory track]: asset-db:worker-init: preStart start:276.07MB, end 280.19MB, increase: 4.12MB
2025-10-17 15:20:08-debug: Run asset db hook engine-extends:afterPreStart ...
2025-10-17 15:20:08-debug: asset-db-hook-programming-afterPreStart (105ms)
2025-10-17 15:20:08-debug: asset-db:worker-effect-data-processing (18ms)
2025-10-17 15:20:08-debug: asset-db-hook-engine-extends-afterPreStart (18ms)
2025-10-17 15:20:08-debug: Run asset db hook engine-extends:afterStartDB ...
2025-10-17 15:20:08-debug: recompile effect.bin success
2025-10-17 15:20:08-debug: Run asset db hook engine-extends:afterStartDB success!
2025-10-17 15:20:08-debug: Start up the 'assets' database...
2025-10-17 15:20:08-debug: asset-db:worker-effect-data-processing (151ms)
2025-10-17 15:20:08-debug: asset-db-hook-engine-extends-afterStartDB (151ms)
2025-10-17 15:20:08-debug: Run asset db hook engine-extends:afterStartDB ...
2025-10-17 15:20:08-debug: recompile effect.bin success
2025-10-17 15:20:08-debug: lazy register asset handler directory
2025-10-17 15:20:08-debug: lazy register asset handler text
2025-10-17 15:20:08-debug: lazy register asset handler json
2025-10-17 15:20:08-debug: lazy register asset handler spine-data
2025-10-17 15:20:08-debug: Run asset db hook engine-extends:afterStartDB success!
2025-10-17 15:20:08-debug: lazy register asset handler dragonbones-atlas
2025-10-17 15:20:08-debug: lazy register asset handler terrain
2025-10-17 15:20:08-debug: lazy register asset handler javascript
2025-10-17 15:20:08-debug: lazy register asset handler typescript
2025-10-17 15:20:08-debug: lazy register asset handler scene
2025-10-17 15:20:08-debug: lazy register asset handler dragonbones
2025-10-17 15:20:08-debug: lazy register asset handler sprite-frame
2025-10-17 15:20:08-debug: lazy register asset handler *
2025-10-17 15:20:08-debug: lazy register asset handler buffer
2025-10-17 15:20:08-debug: [Assets Memory track]: asset-db:worker-init: startup start:280.21MB, end 314.04MB, increase: 33.83MB
2025-10-17 15:20:08-debug: lazy register asset handler sign-image
2025-10-17 15:20:08-debug: lazy register asset handler prefab
2025-10-17 15:20:08-debug: lazy register asset handler texture
2025-10-17 15:20:08-debug: lazy register asset handler texture-cube
2025-10-17 15:20:08-debug: lazy register asset handler erp-texture-cube
2025-10-17 15:20:08-debug: lazy register asset handler image
2025-10-17 15:20:08-debug: lazy register asset handler texture-cube-face
2025-10-17 15:20:08-debug: lazy register asset handler rt-sprite-frame
2025-10-17 15:20:08-debug: lazy register asset handler gltf
2025-10-17 15:20:08-debug: lazy register asset handler gltf-mesh
2025-10-17 15:20:08-debug: lazy register asset handler alpha-image
2025-10-17 15:20:08-debug: lazy register asset handler gltf-skeleton
2025-10-17 15:20:08-debug: lazy register asset handler gltf-material
2025-10-17 15:20:08-debug: lazy register asset handler gltf-animation
2025-10-17 15:20:08-debug: lazy register asset handler gltf-embeded-image
2025-10-17 15:20:08-debug: lazy register asset handler fbx
2025-10-17 15:20:08-debug: lazy register asset handler gltf-scene
2025-10-17 15:20:08-debug: lazy register asset handler physics-material
2025-10-17 15:20:08-debug: lazy register asset handler tiled-map
2025-10-17 15:20:08-debug: lazy register asset handler material
2025-10-17 15:20:08-debug: lazy register asset handler audio-clip
2025-10-17 15:20:08-debug: lazy register asset handler effect
2025-10-17 15:20:08-debug: lazy register asset handler animation-graph
2025-10-17 15:20:08-debug: lazy register asset handler effect-header
2025-10-17 15:20:08-debug: lazy register asset handler animation-graph-variant
2025-10-17 15:20:08-debug: lazy register asset handler ttf-font
2025-10-17 15:20:08-debug: lazy register asset handler bitmap-font
2025-10-17 15:20:08-debug: lazy register asset handler particle
2025-10-17 15:20:08-debug: lazy register asset handler sprite-atlas
2025-10-17 15:20:08-debug: lazy register asset handler animation-clip
2025-10-17 15:20:08-debug: lazy register asset handler label-atlas
2025-10-17 15:20:08-debug: lazy register asset handler render-texture
2025-10-17 15:20:08-debug: lazy register asset handler render-stage
2025-10-17 15:20:08-debug: lazy register asset handler render-flow
2025-10-17 15:20:08-debug: lazy register asset handler render-pipeline
2025-10-17 15:20:08-debug: lazy register asset handler instantiation-mesh
2025-10-17 15:20:08-debug: lazy register asset handler instantiation-skeleton
2025-10-17 15:20:08-debug: lazy register asset handler instantiation-material
2025-10-17 15:20:08-debug: lazy register asset handler auto-atlas
2025-10-17 15:20:08-debug: lazy register asset handler instantiation-animation
2025-10-17 15:20:08-debug: lazy register asset handler video-clip
2025-10-17 15:20:08-debug: lazy register asset handler animation-mask
2025-10-17 15:20:09-debug: asset-db:worker-effect-data-processing (148ms)
2025-10-17 15:20:09-debug: asset-db-hook-engine-extends-afterStartDB (148ms)
2025-10-17 15:20:09-debug: asset-db:start-database (585ms)
2025-10-17 15:20:09-debug: asset-db:ready (2893ms)
2025-10-17 15:20:09-debug: init worker message success
2025-10-17 15:20:09-debug: programming:execute-script (1ms)
2025-10-17 15:20:09-debug: [Build Memory track]: builder:worker-init start:314.05MB, end 327.58MB, increase: 13.53MB
2025-10-17 15:20:09-debug: builder:worker-init (178ms)
2025-10-17 15:20:26-debug: refresh db internal success
2025-10-17 15:20:26-debug: refresh db assets success
2025-10-17 15:20:26-debug: Run asset db hook engine-extends:afterRefresh ...
2025-10-17 15:20:26-debug: Run asset db hook engine-extends:afterRefresh success!
2025-10-17 15:20:26-debug: asset-db:refresh-all-database (33ms)
2025-10-17 15:20:26-debug: asset-db:worker-effect-data-processing (1ms)
2025-10-17 15:20:26-debug: asset-db-hook-engine-extends-afterRefresh (1ms)
2025-10-17 15:20:42-debug: refresh db internal success
2025-10-17 15:20:42-debug: refresh db assets success
2025-10-17 15:20:42-debug: Run asset db hook engine-extends:afterRefresh ...
2025-10-17 15:20:42-debug: Run asset db hook engine-extends:afterRefresh success!
2025-10-17 15:20:42-debug: asset-db:refresh-all-database (27ms)
2025-10-17 15:20:42-debug: asset-db:worker-effect-data-processing (1ms)
2025-10-17 15:20:42-debug: asset-db-hook-engine-extends-afterRefresh (1ms)
2025-10-17 15:21:42-debug: refresh db internal success
2025-10-17 15:21:42-debug: refresh db assets success
2025-10-17 15:21:42-debug: Run asset db hook engine-extends:afterRefresh ...
2025-10-17 15:21:42-debug: Run asset db hook engine-extends:afterRefresh success!
2025-10-17 15:21:42-debug: asset-db:refresh-all-database (27ms)
2025-10-17 15:21:42-debug: asset-db:worker-effect-data-processing (1ms)
2025-10-17 15:21:42-debug: asset-db-hook-engine-extends-afterRefresh (1ms)
2025-10-17 18:17:24-debug: refresh db internal success
2025-10-17 18:17:24-debug: %cImport%c: /Users/mike/Documents/self/game-2d-demo/assets/scenes/ForestMap.firebackground: #aaff85; color: #000;color: #000;
2025-10-17 18:17:24-debug: %cImport%c: /Users/mike/Documents/self/game-2d-demo/assets/scripts/components/TeleportPortal.tsbackground: #aaff85; color: #000;color: #000;
2025-10-17 18:17:24-debug: %cImport%c: /Users/mike/Documents/self/game-2d-demo/assets/scripts/managers/SceneManager.tsbackground: #aaff85; color: #000;color: #000;
2025-10-17 18:17:24-debug: %cImport%c: /Users/mike/Documents/self/game-2d-demo/assets/scenesbackground: #aaff85; color: #000;color: #000;
2025-10-17 18:17:24-debug: %cImport%c: /Users/mike/Documents/self/game-2d-demo/assets/scripts/componentsbackground: #aaff85; color: #000;color: #000;
2025-10-17 18:17:24-debug: %cImport%c: /Users/mike/Documents/self/game-2d-demo/assets/scripts/managersbackground: #aaff85; color: #000;color: #000;
2025-10-17 18:17:24-debug: refresh db assets success
2025-10-17 18:17:24-debug: Run asset db hook engine-extends:afterRefresh ...
2025-10-17 18:17:24-debug: Run asset db hook engine-extends:afterRefresh success!
2025-10-17 18:17:24-debug: asset-db:refresh-all-database (43ms)
2025-10-17 18:17:24-debug: asset-db:worker-effect-data-processing (1ms)
2025-10-17 18:17:24-debug: asset-db-hook-engine-extends-afterRefresh (1ms)
